Sat May 31 11:06:56 2025	DETAIL	Failed to get CPU model from '/proc/cpuinfo'
Sat May 31 11:06:56 2025	DETAIL	Failed to get CPU model from 'lscpu'
Sat May 31 11:06:56 2025	INFO	nzbget 25.0 server-mode
Sat May 31 11:06:56 2025	INFO	using /config/nzbget.conf
Sat May 31 11:06:56 2025	INFO	nzbget runs on 0.0.0.0:6789
Sat May 31 11:10:29 2025	INFO	Stopping, please wait...
Sat May 31 11:10:40 2025	DETAIL	Failed to get CPU model from '/proc/cpuinfo'
Sat May 31 11:10:40 2025	DETAIL	Failed to get CPU model from 'lscpu'
Sat May 31 11:10:40 2025	INFO	nzbget 25.0 server-mode
Sat May 31 11:10:40 2025	INFO	using /config/nzbget.conf
Sat May 31 11:10:40 2025	INFO	nzbget runs on 0.0.0.0:6789
Sat May 31 11:14:11 2025	INFO	Stopping, please wait...
Sat May 31 11:14:19 2025	DETAIL	Failed to get CPU model from '/proc/cpuinfo'
Sat May 31 11:14:19 2025	DETAIL	Failed to get CPU model from 'lscpu'
Sat May 31 11:14:19 2025	INFO	nzbget 25.0 server-mode
Sat May 31 11:14:19 2025	INFO	using /config/nzbget.conf
Sat May 31 11:14:19 2025	INFO	nzbget runs on 0.0.0.0:6789
Sat May 31 11:15:40 2025	INFO	Stopping, please wait...
Sat May 31 11:15:48 2025	DETAIL	Failed to get CPU model from '/proc/cpuinfo'
Sat May 31 11:15:48 2025	DETAIL	Failed to get CPU model from 'lscpu'
Sat May 31 11:15:48 2025	INFO	nzbget 25.0 server-mode
Sat May 31 11:15:48 2025	INFO	using /config/nzbget.conf
Sat May 31 11:15:48 2025	INFO	nzbget runs on 0.0.0.0:6789
Sat May 31 11:20:15 2025	INFO	Stopping, please wait...
Sat May 31 11:20:22 2025	DETAIL	Failed to get CPU model from '/proc/cpuinfo'
Sat May 31 11:20:22 2025	DETAIL	Failed to get CPU model from 'lscpu'
Sat May 31 11:20:22 2025	INFO	nzbget 25.0 server-mode
Sat May 31 11:20:22 2025	INFO	using /config/nzbget.conf
Sat May 31 11:20:22 2025	INFO	nzbget runs on 0.0.0.0:6789
Sat May 31 11:24:19 2025	INFO	Stopping, please wait...
Sat May 31 11:24:28 2025	DETAIL	Failed to get CPU model from '/proc/cpuinfo'
Sat May 31 11:24:28 2025	DETAIL	Failed to get CPU model from 'lscpu'
Sat May 31 11:24:28 2025	INFO	nzbget 25.0 server-mode
Sat May 31 11:24:28 2025	INFO	using /config/nzbget.conf
Sat May 31 11:24:28 2025	INFO	nzbget runs on 0.0.0.0:6789
Sat May 31 11:30:48 2025	INFO	Stopping, please wait...
Sat May 31 11:31:11 2025	DETAIL	Failed to get CPU model from '/proc/cpuinfo'
Sat May 31 11:31:11 2025	DETAIL	Failed to get CPU model from 'lscpu'
Sat May 31 11:31:11 2025	INFO	nzbget 25.0 server-mode
Sat May 31 11:31:11 2025	INFO	using /config/nzbget.conf
Sat May 31 11:31:11 2025	INFO	nzbget runs on 0.0.0.0:6789
Sat May 31 11:32:13 2025	INFO	Stopping, please wait...
Sat May 31 11:32:21 2025	DETAIL	Failed to get CPU model from '/proc/cpuinfo'
Sat May 31 11:32:21 2025	DETAIL	Failed to get CPU model from 'lscpu'
Sat May 31 11:32:21 2025	INFO	nzbget 25.0 server-mode
Sat May 31 11:32:21 2025	INFO	using /config/nzbget.conf
Sat May 31 11:32:21 2025	INFO	nzbget runs on 0.0.0.0:6789
Sat May 31 11:35:03 2025	INFO	Stopping, please wait...
Sat May 31 11:35:11 2025	DETAIL	Failed to get CPU model from '/proc/cpuinfo'
Sat May 31 11:35:11 2025	DETAIL	Failed to get CPU model from 'lscpu'
Sat May 31 11:35:11 2025	INFO	nzbget 25.0 server-mode
Sat May 31 11:35:11 2025	INFO	using /config/nzbget.conf
Sat May 31 11:35:11 2025	INFO	nzbget runs on 0.0.0.0:6789
Sat May 31 11:38:02 2025	INFO	Stopping, please wait...
Sat May 31 15:43:58 2025	DETAIL	Failed to get CPU model from '/proc/cpuinfo'
Sat May 31 15:43:58 2025	DETAIL	Failed to get CPU model from 'lscpu'
Sat May 31 15:43:58 2025	INFO	nzbget 25.0 server-mode
Sat May 31 15:43:58 2025	INFO	using /config/nzbget.conf
Sat May 31 15:43:58 2025	INFO	nzbget runs on 0.0.0.0:6789
Sat May 31 15:55:02 2025	INFO	Stopping, please wait...
Sat May 31 15:57:34 2025	DETAIL	Failed to get CPU model from '/proc/cpuinfo'
Sat May 31 15:57:34 2025	DETAIL	Failed to get CPU model from 'lscpu'
Sat May 31 15:57:34 2025	INFO	nzbget 25.0 server-mode
Sat May 31 15:57:34 2025	INFO	using /config/nzbget.conf
Sat May 31 15:57:34 2025	INFO	nzbget runs on 0.0.0.0:6789
Sat May 31 15:57:48 2025	WARNING	Non-nzbget request received on port 6789 from 127.0.0.1
Sat May 31 15:59:08 2025	INFO	Stopping, please wait...
Sat May 31 15:59:19 2025	DETAIL	Failed to get CPU model from '/proc/cpuinfo'
Sat May 31 15:59:19 2025	DETAIL	Failed to get CPU model from 'lscpu'
Sat May 31 15:59:19 2025	INFO	nzbget 25.0 server-mode
Sat May 31 15:59:19 2025	INFO	using /config/nzbget.conf
Sat May 31 15:59:19 2025	INFO	nzbget runs on 0.0.0.0:6789
Sat May 31 15:59:58 2025	INFO	Stopping, please wait...
Sat May 31 16:00:12 2025	DETAIL	Failed to get CPU model from '/proc/cpuinfo'
Sat May 31 16:00:12 2025	DETAIL	Failed to get CPU model from 'lscpu'
Sat May 31 16:00:12 2025	INFO	nzbget 25.0 server-mode
Sat May 31 16:00:12 2025	INFO	using /config/nzbget.conf
Sat May 31 16:00:12 2025	INFO	nzbget runs on 0.0.0.0:6789
Sat May 31 16:03:00 2025	INFO	Stopping, please wait...
Sat May 31 16:03:07 2025	DETAIL	Failed to get CPU model from '/proc/cpuinfo'
Sat May 31 16:03:07 2025	DETAIL	Failed to get CPU model from 'lscpu'
Sat May 31 16:03:07 2025	INFO	nzbget 25.0 server-mode
Sat May 31 16:03:07 2025	INFO	using /config/nzbget.conf
Sat May 31 16:03:07 2025	INFO	nzbget runs on 0.0.0.0:6789
Sat May 31 16:04:05 2025	INFO	Stopping, please wait...
Sat May 31 16:04:12 2025	DETAIL	Failed to get CPU model from '/proc/cpuinfo'
Sat May 31 16:04:12 2025	DETAIL	Failed to get CPU model from 'lscpu'
Sat May 31 16:04:12 2025	INFO	nzbget 25.0 server-mode
Sat May 31 16:04:12 2025	INFO	using /config/nzbget.conf
Sat May 31 16:04:12 2025	INFO	nzbget runs on 0.0.0.0:6789
Sat May 31 16:04:57 2025	INFO	Stopping, please wait...
Sat May 31 16:05:04 2025	DETAIL	Failed to get CPU model from '/proc/cpuinfo'
Sat May 31 16:05:04 2025	DETAIL	Failed to get CPU model from 'lscpu'
Sat May 31 16:05:04 2025	INFO	nzbget 25.0 server-mode
Sat May 31 16:05:04 2025	INFO	using /config/nzbget.conf
Sat May 31 16:05:04 2025	INFO	nzbget runs on 0.0.0.0:6789
Sat May 31 16:05:47 2025	INFO	Stopping, please wait...
Sat May 31 16:05:54 2025	DETAIL	Failed to get CPU model from '/proc/cpuinfo'
Sat May 31 16:05:54 2025	DETAIL	Failed to get CPU model from 'lscpu'
Sat May 31 16:05:54 2025	INFO	nzbget 25.0 server-mode
Sat May 31 16:05:54 2025	INFO	using /config/nzbget.conf
Sat May 31 16:05:54 2025	INFO	nzbget runs on 0.0.0.0:6789
Sat May 31 16:06:38 2025	INFO	Stopping, please wait...
Sat May 31 16:06:44 2025	DETAIL	Failed to get CPU model from '/proc/cpuinfo'
Sat May 31 16:06:44 2025	DETAIL	Failed to get CPU model from 'lscpu'
Sat May 31 16:06:44 2025	INFO	nzbget 25.0 server-mode
Sat May 31 16:06:44 2025	INFO	using /config/nzbget.conf
Sat May 31 16:06:44 2025	INFO	nzbget runs on 0.0.0.0:6789
Sat May 31 16:07:27 2025	INFO	Stopping, please wait...
Sat May 31 16:07:34 2025	DETAIL	Failed to get CPU model from '/proc/cpuinfo'
Sat May 31 16:07:34 2025	DETAIL	Failed to get CPU model from 'lscpu'
Sat May 31 16:07:34 2025	INFO	nzbget 25.0 server-mode
Sat May 31 16:07:34 2025	INFO	using /config/nzbget.conf
Sat May 31 16:07:34 2025	INFO	nzbget runs on 0.0.0.0:6789
Sat May 31 16:08:20 2025	INFO	Stopping, please wait...
Sat May 31 16:08:27 2025	DETAIL	Failed to get CPU model from '/proc/cpuinfo'
Sat May 31 16:08:27 2025	DETAIL	Failed to get CPU model from 'lscpu'
Sat May 31 16:08:27 2025	INFO	nzbget 25.0 server-mode
Sat May 31 16:08:27 2025	INFO	using /config/nzbget.conf
Sat May 31 16:08:27 2025	INFO	nzbget runs on 0.0.0.0:6789
Sat May 31 16:10:37 2025	INFO	Stopping, please wait...
Sat May 31 16:10:45 2025	DETAIL	Failed to get CPU model from '/proc/cpuinfo'
Sat May 31 16:10:45 2025	DETAIL	Failed to get CPU model from 'lscpu'
Sat May 31 16:10:45 2025	INFO	nzbget 25.0 server-mode
Sat May 31 16:10:45 2025	INFO	using /config/nzbget.conf
Sat May 31 16:10:45 2025	INFO	nzbget runs on 0.0.0.0:6789
Sat May 31 16:11:55 2025	WARNING	Non-nzbget request received on port 6789 from 127.0.0.1
Sat May 31 16:12:17 2025	INFO	Stopping, please wait...
Sat May 31 16:31:50 2025	DETAIL	Failed to get CPU model from '/proc/cpuinfo'
Sat May 31 16:31:50 2025	DETAIL	Failed to get CPU model from 'lscpu'
Sat May 31 16:31:50 2025	INFO	nzbget 25.0 server-mode
Sat May 31 16:31:50 2025	INFO	using /config/nzbget.conf
Sat May 31 16:31:50 2025	INFO	nzbget runs on 0.0.0.0:6789
Sat May 31 16:31:56 2025	DETAIL	Downloading nzbget version info
Sat May 31 16:33:53 2025	INFO	Stopping, please wait...
Sat May 31 16:34:06 2025	DETAIL	Failed to get CPU model from '/proc/cpuinfo'
Sat May 31 16:34:06 2025	DETAIL	Failed to get CPU model from 'lscpu'
Sat May 31 16:34:06 2025	INFO	nzbget 25.0 server-mode
Sat May 31 16:34:06 2025	INFO	using /config/nzbget.conf
Sat May 31 16:34:06 2025	INFO	nzbget runs on 0.0.0.0:6789
Sat May 31 16:36:36 2025	INFO	Stopping, please wait...
Sat May 31 16:36:44 2025	DETAIL	Failed to get CPU model from '/proc/cpuinfo'
Sat May 31 16:36:44 2025	DETAIL	Failed to get CPU model from 'lscpu'
Sat May 31 16:36:44 2025	INFO	nzbget 25.0 server-mode
Sat May 31 16:36:44 2025	INFO	using /config/nzbget.conf
Sat May 31 16:36:44 2025	INFO	nzbget runs on 0.0.0.0:6789
Sat May 31 16:38:20 2025	INFO	Stopping, please wait...
Sat May 31 16:38:28 2025	DETAIL	Failed to get CPU model from '/proc/cpuinfo'
Sat May 31 16:38:28 2025	DETAIL	Failed to get CPU model from 'lscpu'
Sat May 31 16:38:28 2025	ERROR	nzbget.conf(1706): Invalid option "WebRoot"
Sat May 31 16:38:28 2025	INFO	Pausing all activities due to errors in configuration
Sat May 31 16:38:28 2025	INFO	nzbget 25.0 server-mode
Sat May 31 16:38:28 2025	INFO	using /config/nzbget.conf
Sat May 31 16:38:28 2025	INFO	nzbget runs on 0.0.0.0:6789
Sat May 31 16:41:24 2025	INFO	Stopping, please wait...
Sat May 31 16:41:33 2025	DETAIL	Failed to get CPU model from '/proc/cpuinfo'
Sat May 31 16:41:33 2025	DETAIL	Failed to get CPU model from 'lscpu'
Sat May 31 16:41:33 2025	ERROR	nzbget.conf(1706): Invalid option "WebRoot"
Sat May 31 16:41:33 2025	INFO	Pausing all activities due to errors in configuration
Sat May 31 16:41:33 2025	INFO	nzbget 25.0 server-mode
Sat May 31 16:41:33 2025	INFO	using /config/nzbget.conf
Sat May 31 16:41:33 2025	INFO	nzbget runs on 0.0.0.0:6789
Sat May 31 16:43:18 2025	INFO	Stopping, please wait...
Sat May 31 16:43:29 2025	DETAIL	Failed to get CPU model from '/proc/cpuinfo'
Sat May 31 16:43:29 2025	DETAIL	Failed to get CPU model from 'lscpu'
Sat May 31 16:43:29 2025	INFO	nzbget 25.0 server-mode
Sat May 31 16:43:29 2025	INFO	using /config/nzbget.conf
Sat May 31 16:43:29 2025	INFO	nzbget runs on 0.0.0.0:6789
Sat May 31 16:45:03 2025	INFO	Stopping, please wait...
Sat May 31 16:45:14 2025	DETAIL	Failed to get CPU model from '/proc/cpuinfo'
Sat May 31 16:45:14 2025	DETAIL	Failed to get CPU model from 'lscpu'
Sat May 31 16:45:14 2025	INFO	nzbget 25.0 server-mode
Sat May 31 16:45:14 2025	INFO	using /config/nzbget.conf
Sat May 31 16:45:14 2025	INFO	nzbget runs on 0.0.0.0:6789
Sat May 31 16:46:47 2025	INFO	Stopping, please wait...
Sat May 31 16:46:59 2025	DETAIL	Failed to get CPU model from '/proc/cpuinfo'
Sat May 31 16:46:59 2025	DETAIL	Failed to get CPU model from 'lscpu'
Sat May 31 16:46:59 2025	INFO	nzbget 25.0 server-mode
Sat May 31 16:46:59 2025	INFO	using /config/nzbget.conf
Sat May 31 16:46:59 2025	INFO	nzbget runs on 0.0.0.0:6789
Sat May 31 16:48:37 2025	INFO	Stopping, please wait...
Sat May 31 16:48:51 2025	DETAIL	Failed to get CPU model from '/proc/cpuinfo'
Sat May 31 16:48:51 2025	DETAIL	Failed to get CPU model from 'lscpu'
Sat May 31 16:48:51 2025	INFO	nzbget 25.0 server-mode
Sat May 31 16:48:51 2025	INFO	using /config/nzbget.conf
Sat May 31 16:48:51 2025	INFO	nzbget runs on 0.0.0.0:6789
Sat May 31 16:51:11 2025	INFO	Stopping, please wait...
Sat May 31 16:51:25 2025	DETAIL	Failed to get CPU model from '/proc/cpuinfo'
Sat May 31 16:51:25 2025	DETAIL	Failed to get CPU model from 'lscpu'
Sat May 31 16:51:25 2025	INFO	nzbget 25.0 server-mode
Sat May 31 16:51:25 2025	INFO	using /config/nzbget.conf
Sat May 31 16:51:25 2025	INFO	nzbget runs on 0.0.0.0:6789
Sat May 31 16:53:50 2025	INFO	Stopping, please wait...
Sat May 31 16:54:03 2025	DETAIL	Failed to get CPU model from '/proc/cpuinfo'
Sat May 31 16:54:03 2025	DETAIL	Failed to get CPU model from 'lscpu'
Sat May 31 16:54:03 2025	INFO	nzbget 25.0 server-mode
Sat May 31 16:54:03 2025	INFO	using /config/nzbget.conf
Sat May 31 16:54:03 2025	INFO	nzbget runs on 0.0.0.0:6789
Sat May 31 16:56:34 2025	INFO	Stopping, please wait...
Sat May 31 16:56:47 2025	DETAIL	Failed to get CPU model from '/proc/cpuinfo'
Sat May 31 16:56:47 2025	DETAIL	Failed to get CPU model from 'lscpu'
Sat May 31 16:56:47 2025	INFO	nzbget 25.0 server-mode
Sat May 31 16:56:47 2025	INFO	using /config/nzbget.conf
Sat May 31 16:56:47 2025	INFO	nzbget runs on 0.0.0.0:6789
Sat May 31 17:00:39 2025	INFO	Stopping, please wait...
Sat May 31 17:03:22 2025	ERROR	nzbget.conf(253): Invalid option "Server1.CertVerification"
Sat May 31 17:03:22 2025	ERROR	nzbget.conf(889): Invalid option "RenameAfterUnpack"
Sat May 31 17:03:22 2025	ERROR	nzbget.conf(896): Invalid option "RenameIgnoreExt"
Sat May 31 17:03:22 2025	ERROR	nzbget.conf(1030): Invalid option "ArticleReadChunkSize"
Sat May 31 17:03:22 2025	INFO	Pausing all activities due to errors in configuration
Sat May 31 17:03:22 2025	INFO	nzbget 21.1 server-mode
Sat May 31 17:08:01 2025	ERROR	nzbget.conf(253): Invalid option "Server1.CertVerification"
Sat May 31 17:08:01 2025	ERROR	nzbget.conf(889): Invalid option "RenameAfterUnpack"
Sat May 31 17:08:01 2025	ERROR	nzbget.conf(896): Invalid option "RenameIgnoreExt"
Sat May 31 17:08:01 2025	ERROR	nzbget.conf(1030): Invalid option "ArticleReadChunkSize"
Sat May 31 17:08:01 2025	INFO	Pausing all activities due to errors in configuration
Sat May 31 17:08:01 2025	INFO	nzbget 21.1 daemon-mode
Sat May 31 17:11:38 2025	INFO	Stopping, please wait...
Sat May 31 17:11:53 2025	ERROR	nzbget.conf(253): Invalid option "Server1.CertVerification"
Sat May 31 17:11:53 2025	ERROR	nzbget.conf(889): Invalid option "RenameAfterUnpack"
Sat May 31 17:11:53 2025	ERROR	nzbget.conf(896): Invalid option "RenameIgnoreExt"
Sat May 31 17:11:53 2025	ERROR	nzbget.conf(1030): Invalid option "ArticleReadChunkSize"
Sat May 31 17:11:53 2025	INFO	Pausing all activities due to errors in configuration
Sat May 31 17:11:53 2025	INFO	nzbget 21.1 daemon-mode
Sat May 31 17:16:17 2025	INFO	Stopping, please wait...
Sat May 31 17:17:13 2025	ERROR	nzbget.conf(253): Invalid option "Server1.CertVerification"
Sat May 31 17:17:13 2025	ERROR	nzbget.conf(889): Invalid option "RenameAfterUnpack"
Sat May 31 17:17:13 2025	ERROR	nzbget.conf(896): Invalid option "RenameIgnoreExt"
Sat May 31 17:17:13 2025	ERROR	nzbget.conf(1030): Invalid option "ArticleReadChunkSize"
Sat May 31 17:17:13 2025	INFO	Pausing all activities due to errors in configuration
Sat May 31 17:17:13 2025	INFO	nzbget 21.1 server-mode
