Created by...
___.   .__       .__
\_ |__ |__| ____ |  |__   ____ ___  ___
 | __ \|  |/    \|  |  \_/ __ \\  \/  /
 | \_\ \  |   |  \   Y  \  ___/ >    <
 |___  /__|___|  /___|  /\___  >__/\_ \
     \/        \/     \/     \/      \/
   https://hub.docker.com/u/binhex/

2025-05-31 17:07:15.016596 [info] System information Linux 348593a2646b 6.10.14-linuxkit #1 SMP Tue Apr 15 16:00:54 UTC 2025 x86_64 GNU/Linux
2025-05-31 17:07:15.139109 [info] OS_ARCH defined as 'x86-64'
2025-05-31 17:07:15.235889 [info] PUID defined as '1000'
2025-05-31 17:07:15.401421 [info] PGID defined as '1000'
2025-05-31 17:07:15.537352 [info] UMASK defined as '022'
2025-05-31 17:07:15.646343 [info] Setting permissions recursively on '/config'...
2025-05-31 17:07:15.777813 [info] Deleting files in /tmp (non recursive)...
2025-05-31 17:07:15.943740 [warn] VPN_ENABLED not defined,(via -e VPN_ENABLED), defaulting to 'yes'
2025-05-31 17:07:16.059832 [info] VPN_CLIENT defined as 'openvpn'
2025-05-31 17:07:16.163135 [crit] VPN_PROV not defined,(via -e VPN_PROV), exiting...
Created by...
___.   .__       .__
\_ |__ |__| ____ |  |__   ____ ___  ___
 | __ \|  |/    \|  |  \_/ __ \\  \/  /
 | \_\ \  |   |  \   Y  \  ___/ >    <
 |___  /__|___|  /___|  /\___  >__/\_ \
     \/        \/     \/     \/      \/
   https://hub.docker.com/u/binhex/

2025-05-31 17:07:28.662091 [info] System information Linux 01f6f8b33d24 6.10.14-linuxkit #1 SMP Tue Apr 15 16:00:54 UTC 2025 x86_64 GNU/Linux
2025-05-31 17:07:28.781803 [info] OS_ARCH defined as 'x86-64'
2025-05-31 17:07:28.899706 [info] PUID defined as '1000'
2025-05-31 17:07:29.047644 [info] PGID defined as '1000'
2025-05-31 17:07:29.178791 [info] UMASK defined as '022'
2025-05-31 17:07:29.298147 [info] Permissions already set for '/config'
2025-05-31 17:07:29.394887 [info] Deleting files in /tmp (non recursive)...
2025-05-31 17:07:29.525581 [warn] VPN_ENABLED not defined,(via -e VPN_ENABLED), defaulting to 'yes'
2025-05-31 17:07:29.618568 [info] VPN_CLIENT defined as 'openvpn'
2025-05-31 17:07:29.710266 [crit] VPN_PROV not defined,(via -e VPN_PROV), exiting...
Created by...
___.   .__       .__
\_ |__ |__| ____ |  |__   ____ ___  ___
 | __ \|  |/    \|  |  \_/ __ \\  \/  /
 | \_\ \  |   |  \   Y  \  ___/ >    <
 |___  /__|___|  /___|  /\___  >__/\_ \
     \/        \/     \/     \/      \/
   https://hub.docker.com/u/binhex/

2025-05-31 17:07:48.024305 [info] System information Linux 5bc3e216165d 6.10.14-linuxkit #1 SMP Tue Apr 15 16:00:54 UTC 2025 x86_64 GNU/Linux
2025-05-31 17:07:48.333388 [info] OS_ARCH defined as 'x86-64'
2025-05-31 17:07:48.454770 [info] PUID defined as '1000'
2025-05-31 17:07:48.609611 [info] PGID defined as '1000'
2025-05-31 17:07:48.742020 [info] UMASK defined as '022'
2025-05-31 17:07:48.851720 [info] Permissions already set for '/config'
2025-05-31 17:07:48.964656 [info] Deleting files in /tmp (non recursive)...
2025-05-31 17:07:49.090818 [warn] VPN_ENABLED not defined,(via -e VPN_ENABLED), defaulting to 'yes'
2025-05-31 17:07:49.182126 [info] VPN_CLIENT defined as 'openvpn'
2025-05-31 17:07:49.272631 [info] VPN_PROV defined as 'custom'
2025-05-31 17:07:49.399523 [info] OpenVPN config file (ovpn extension) is located at /config/openvpn/atl-009.ovpn
2025-05-31 17:07:49.676889 [info] VPN remote server(s) defined as 'atl-009.vpn.privado.io,'
2025-05-31 17:07:49.750853 [info] VPN remote port(s) defined as '1194,'
2025-05-31 17:07:49.824358 [info] VPN remote protcol(s) defined as 'udp,'
2025-05-31 17:07:49.927627 [info] VPN_DEVICE_TYPE defined as 'tun0'
2025-05-31 17:07:50.016861 [info] VPN_OPTIONS not defined (via -e VPN_OPTIONS)
2025-05-31 17:07:50.108733 [info] LAN_NETWORK defined as '10.1.0.0/16'
2025-05-31 17:07:50.199559 [info] NAME_SERVERS defined as '1.1.1.1,8.8.8.8'
2025-05-31 17:07:50.287943 [info] VPN_USER defined as 'nhmacpjuhsrg'
2025-05-31 17:07:50.379313 [info] VPN_PASS defined as 'Fz2#At7U9Cw@'
2025-05-31 17:07:50.469391 [info] ENABLE_PRIVOXY defined as 'no'
2025-05-31 17:07:50.573116 [info] VPN_INPUT_PORTS not defined (via -e VPN_INPUT_PORTS), skipping allow for custom incoming ports
2025-05-31 17:07:50.661972 [info] VPN_OUTPUT_PORTS not defined (via -e VPN_OUTPUT_PORTS), skipping allow for custom outgoing ports
2025-05-31 17:07:50.840210 [info] Starting Supervisor...
2025-05-31 17:07:51,037 INFO Included extra file "/etc/supervisor/conf.d/nzbget.conf" during parsing
2025-05-31 17:07:51,037 INFO Set uid to user 0 succeeded
2025-05-31 17:07:51,038 INFO supervisord started with pid 7
2025-05-31 17:07:52,050 INFO spawned: 'shutdown-script' with pid 171
2025-05-31 17:07:52,052 INFO spawned: 'start-script' with pid 172
2025-05-31 17:07:52,055 INFO spawned: 'watchdog-script' with pid 173
2025-05-31 17:07:52,058 INFO reaped unknown pid 8 (exit status 0)
2025-05-31 17:07:52,097 DEBG 'start-script' stdout output:
[info] VPN is enabled, beginning configuration of VPN

2025-05-31 17:07:52,097 INFO success: shutdown-script entered RUNNING state, process has stayed up for > than 0 seconds (startsecs)
2025-05-31 17:07:52,098 INFO success: start-script entered RUNNING state, process has stayed up for > than 0 seconds (startsecs)
2025-05-31 17:07:52,098 INFO success: watchdog-script entered RUNNING state, process has stayed up for > than 0 seconds (startsecs)
2025-05-31 17:07:52,098 DEBG 'shutdown-script' stdout output:
[info] Signal not specified as parameter 2, assuming signal '15' (sigterm)
[info] Process owner not specified as parameter 3, assuming owner 'nobody'

2025-05-31 17:07:52,161 DEBG 'start-script' stdout output:
[warn] Password contains characters which could cause authentication issues, please consider changing this if possible

2025-05-31 17:07:52,381 DEBG 'start-script' stdout output:
[debug] Contents of ovpn file /config/openvpn/atl-009.ovpn as follows...

2025-05-31 17:07:52,388 DEBG 'start-script' stdout output:
client
dev tun
proto udp
remote atl-009.vpn.privado.io 1194
resolv-retry infinite
nobind
persist-key
persist-remote-ip

tls-client

#block-outside-dns
route 0.0.0.0 0.0.0.0 vpn_gateway
route-delay 3

# if you're using openvpn versions later than 2.5 uncomment the following:
# data-ciphers AES-256-CBC
# data-ciphers-fallback AES-256-CBC

# openvpn versions <= 2.5 use the following default settings:
auth SHA256
cipher AES-256-CBC
tls-cipher TLS-DHE-RSA-WITH-AES-256-CBC-SHA:TLS-DHE-DSS-WITH-AES-256-CBC-SHA:TLS-RSA-WITH-AES-256-CBC-SHA

remote-cert-tls server
#auth-user-pass credentials.conf
verb 3

<ca>
-----BEGIN CERTIFICATE-----
MIIFKDCCAxCgAwIBAgIJAMtrmqZxIV/OMA0GCSqGSIb3DQEBDQUAMBIxEDAOBgNV
BAMMB1ByaXZhZG8wHhcNMjAwMTA4MjEyODQ1WhcNMzUwMTA5MjEyODQ1WjASMRAw
DgYDVQQDDAdQcml2YWRvMIICIjANBgkqhkiG9w0BAQEFAAOCAg8AMIICCgKCAgEA
xPwOgiwNJzZTnKIXwAB0TSu/Lu2qt2U2I8obtQjwhi/7OrfmbmYykSdro70al2XP
hnwAGGdCxW6LDnp0UN/IOhD11mgBPo14f5CLkBQjSJ6VN5miPbvK746LsNZl9H8r
QGvDuPo4CG9BfPZMiDRGlsMxij/jztzgT1gmuxQ7WHfFRcNzBas1dHa9hV/d3TU6
/t47x4SE/ljdcCtJiu7Zn6ODKQoys3mB7Luz2ngqUJWvkqsg+E4+3eJ0M8Hlbn5T
PaRJBID7DAdYo6Vs6xGCYr981ThFcmoIQ10js10yANrrfGAzd03b3TnLAgko0uQM
HjliMZL6L8sWOPHxyxJI0us88SFh4UgcFyRHKHPKux7w24SxAlZUYoUcTHp9VjG5
XvDKYxzgV2RdM4ulBGbQRQ3y3/CyddsyQYMvA55Ets0LfPaBvDIcct70iXijGsdv
lX1du3ArGpG7Vaje/RU4nbbGT6HYRdt5YyZfof288ukMOSj20nVcmS+c/4tqsxSe
rRb1aq5LOi1IemSkTMeC5gCbexk+L1vl7NT/58sxjGmu5bXwnvev/lIItfi2AlIT
rfUSEv19iDMKkeshwn/+sFJBMWYyluP+yJ56yR+MWoXvLlSWphLDTqq19yx3BZn0
P1tgbXoR0g8PTdJFcz8z3RIb7myVLYulV1oGG/3rka0CAwEAAaOBgDB+MB0GA1Ud
DgQWBBTFtJkZCVDuDAD6k5bJzefjJdO3DTBCBgNVHSMEOzA5gBTFtJkZCVDuDAD6
k5bJzefjJdO3DaEWpBQwEjEQMA4GA1UEAwwHUHJpdmFkb4IJAMtrmqZxIV/OMAwG
A1UdEwQFMAMBAf8wCwYDVR0PBAQDAgEGMA0GCSqGSIb3DQEBDQUAA4ICAQB7MUSX
MeBb9wlSv4sUaT1JHEwE26nlBw+TKmezfuPU5pBlY0LYr6qQZY95DHqsRJ7ByUzG
UrGo17dNGXlcuNc6TAaQQEDRPo6y+LVh2TWMk15TUMI+MkqryJtCret7xGvDigKY
MJgBy58HN3RAVr1B7cL9youwzLgc2Y/NcFKvnQJKeiIYAJ7g0CcnJiQvgZTS7xdw
kEBXfsngmUCIG320DLPEL+Ze0HiUrxwWljMRya6i40AeH3Zu2i532xX1wV5+cjA4
RJWIKg6ri/Q54iFGtZrA9/nc6y9uoQHkmz8cGyVUmJxFzMrrIICVqUtVRxLhkTMe
4UzwRWTBeGgtW4tS0yq1QonAKfOyjgRw/CeY55D2UGvnAFZdTadtYXS4Alu2P9zd
woEk3fzHiVmDjqfJVr5wz9383aABUFrPI3nz6ed/Z6LZflKh1k+DUDEp8NxU4klU
ULWsSOKoa5zGX51G8cdHxwQLImXvtGuN5eSR8jCTgxFZhdps/xes4KkyfIz9FMYG
748M+uOTgKITf4zdJ9BAyiQaOufVQZ8WjhWzWk9YHec9VqPkzpWNGkVjiRI5ewuX
wZzZ164tMv2hikBXSuUCnFz37/ZNwGlDi0oBdDszCk2GxccdFHHaCSmpjU5MrdJ+
5IhtTKGeTx+US2hTIVHQFIO99DmacxSYvLNcSQ==
-----END CERTIFICATE-----
</ca>auth-user-pass /config/openvpn/credentials

2025-05-31 17:07:52,424 DEBG 'start-script' stdout output:
[debug] Environment variables defined as follows

2025-05-31 17:07:52,424 DEBG 'start-script' stdout output:
ADDITIONAL_PORTS=
APPLICATION=nzbget
BASH=/bin/bash
BASHOPTS=checkwinsize:cmdhist:complete_fullquote:extquote:force_fignore:globasciiranges:hostcomplete:interactive_comments:progcomp:promptvars:sourcepath

2025-05-31 17:07:52,424 DEBG 'start-script' stdout output:
BASH_ALIASES=()

2025-05-31 17:07:52,424 DEBG 'start-script' stdout output:
BASH_ARGC=()
BASH_ARGV=()
BASH_CMDS=()

2025-05-31 17:07:52,425 DEBG 'start-script' stdout output:
BASH_LINENO=([0]="0")
BASH_SOURCE=([0]="/root/start.sh")
BASH_VERSINFO=([0]="5" [1]="1" [2]="8" [3]="1" [4]="release" [5]="x86_64-pc-linux-gnu")
BASH_VERSION='5.1.8(1)-release'
DEBUG=true
DIRSTACK=()
ENABLE_PRIVOXY=no
EUID=0
GROUPS=()
HOME=/home/nobody
HOSTNAME=5bc3e216165d
HOSTTYPE=x86_64

2025-05-31 17:07:52,425 DEBG 'start-script' stdout output:
IFS=$' \t\n'
LANG=en_GB.UTF-8
LAN_NETWORK=10.1.0.0/16
MACHTYPE=x86_64-pc-linux-gnu
NAME_SERVERS=1.1.1.1,8.8.8.8
NZBGET_VERSION=21.1
OPTERR=1
OPTIND=1
OSTYPE=linux-gnu
OS_ARCH=x86-64
PATH=/usr/local/sbin:/usr/local/bin:/usr/sbin:/usr/bin:/sbin:/bin
PGID=1000
PIPESTATUS=([0]="0")
PPID=7
PS4='+ '
PUID=1000
PWD=/
SHELL=/bin/bash
SHELLOPTS=braceexpand:hashall:interactive-comments
SHLVL=1
SUPERVISOR_ENABLED=1
SUPERVISOR_GROUP_NAME=start-script
SUPERVISOR_PROCESS_NAME=start-script
TERM=xterm
TZ=Etc/UTC
UID=0
UMASK=022
VPN_CLIENT=openvpn
VPN_CONFIG=/config/openvpn/atl-009.ovpn
VPN_DEVICE_TYPE=tun0
VPN_ENABLED=yes
VPN_INPUT_PORTS=
VPN_OPTIONS=
VPN_OUTPUT_PORTS=

2025-05-31 17:07:52,425 DEBG 'start-script' stdout output:
VPN_PASS=Fz2#At7U9Cw@
VPN_PROV=custom
VPN_REMOTE_PORT=1194,
VPN_REMOTE_PROTOCOL=udp,
VPN_REMOTE_SERVER=atl-009.vpn.privado.io,
VPN_USER=nhmacpjuhsrg
WG_CONFIG_FILE=/config/wireguard/wg0.conf
_='[debug] Environment variables defined as follows'
password_char_check='#'
username_char_check=
vpn_ping=

2025-05-31 17:07:52,425 DEBG 'start-script' stdout output:
[debug] Directory listing of files in /config/openvpn/ as follows

2025-05-31 17:07:52,452 DEBG 'start-script' stdout output:
total 12
drwxrwxr-x  5 nobody users  160 May 31 17:07 .
drwxrwxr-x 10 nobody users  320 May 31 17:07 ..
-rwxrwxr-x  1 root   root  2506 May 31 17:07 atl-009.ovpn
-rwxrwxr-x  1 nobody users   26 May 31 17:03 credentials
-rw-r--r--  1 root   root    26 May 31 17:07 credentials.conf

2025-05-31 17:07:52,452 DEBG 'start-script' stdout output:
[debug] Contents of OpenVPN config file '/config/openvpn/atl-009.ovpn' as follows...

2025-05-31 17:07:52,460 DEBG 'start-script' stdout output:
client
dev tun
proto udp
remote atl-009.vpn.privado.io 1194
resolv-retry infinite
nobind
persist-key
persist-remote-ip

tls-client

#block-outside-dns
route 0.0.0.0 0.0.0.0 vpn_gateway
route-delay 3

# if you're using openvpn versions later than 2.5 uncomment the following:
# data-ciphers AES-256-CBC
# data-ciphers-fallback AES-256-CBC

# openvpn versions <= 2.5 use the following default settings:
auth SHA256
cipher AES-256-CBC
tls-cipher TLS-DHE-RSA-WITH-AES-256-CBC-SHA:TLS-DHE-DSS-WITH-AES-256-CBC-SHA:TLS-RSA-WITH-AES-256-CBC-SHA

remote-cert-tls server
#auth-user-pass credentials.conf
verb 3

<ca>
-----BEGIN CERTIFICATE-----
MIIFKDCCAxCgAwIBAgIJAMtrmqZxIV/OMA0GCSqGSIb3DQEBDQUAMBIxEDAOBgNV
BAMMB1ByaXZhZG8wHhcNMjAwMTA4MjEyODQ1WhcNMzUwMTA5MjEyODQ1WjASMRAw
DgYDVQQDDAdQcml2YWRvMIICIjANBgkqhkiG9w0BAQEFAAOCAg8AMIICCgKCAgEA
xPwOgiwNJzZTnKIXwAB0TSu/Lu2qt2U2I8obtQjwhi/7OrfmbmYykSdro70al2XP
hnwAGGdCxW6LDnp0UN/IOhD11mgBPo14f5CLkBQjSJ6VN5miPbvK746LsNZl9H8r
QGvDuPo4CG9BfPZMiDRGlsMxij/jztzgT1gmuxQ7WHfFRcNzBas1dHa9hV/d3TU6
/t47x4SE/ljdcCtJiu7Zn6ODKQoys3mB7Luz2ngqUJWvkqsg+E4+3eJ0M8Hlbn5T
PaRJBID7DAdYo6Vs6xGCYr981ThFcmoIQ10js10yANrrfGAzd03b3TnLAgko0uQM
HjliMZL6L8sWOPHxyxJI0us88SFh4UgcFyRHKHPKux7w24SxAlZUYoUcTHp9VjG5
XvDKYxzgV2RdM4ulBGbQRQ3y3/CyddsyQYMvA55Ets0LfPaBvDIcct70iXijGsdv
lX1du3ArGpG7Vaje/RU4nbbGT6HYRdt5YyZfof288ukMOSj20nVcmS+c/4tqsxSe
rRb1aq5LOi1IemSkTMeC5gCbexk+L1vl7NT/58sxjGmu5bXwnvev/lIItfi2AlIT
rfUSEv19iDMKkeshwn/+sFJBMWYyluP+yJ56yR+MWoXvLlSWphLDTqq19yx3BZn0
P1tgbXoR0g8PTdJFcz8z3RIb7myVLYulV1oGG/3rka0CAwEAAaOBgDB+MB0GA1Ud
DgQWBBTFtJkZCVDuDAD6k5bJzefjJdO3DTBCBgNVHSMEOzA5gBTFtJkZCVDuDAD6
k5bJzefjJdO3DaEWpBQwEjEQMA4GA1UEAwwHUHJpdmFkb4IJAMtrmqZxIV/OMAwG
A1UdEwQFMAMBAf8wCwYDVR0PBAQDAgEGMA0GCSqGSIb3DQEBDQUAA4ICAQB7MUSX
MeBb9wlSv4sUaT1JHEwE26nlBw+TKmezfuPU5pBlY0LYr6qQZY95DHqsRJ7ByUzG
UrGo17dNGXlcuNc6TAaQQEDRPo6y+LVh2TWMk15TUMI+MkqryJtCret7xGvDigKY
MJgBy58HN3RAVr1B7cL9youwzLgc2Y/NcFKvnQJKeiIYAJ7g0CcnJiQvgZTS7xdw
kEBXfsngmUCIG320DLPEL+Ze0HiUrxwWljMRya6i40AeH3Zu2i532xX1wV5+cjA4
RJWIKg6ri/Q54iFGtZrA9/nc6y9uoQHkmz8cGyVUmJxFzMrrIICVqUtVRxLhkTMe
4UzwRWTBeGgtW4tS0yq1QonAKfOyjgRw/CeY55D2UGvnAFZdTadtYXS4Alu2P9zd
woEk3fzHiVmDjqfJVr5wz9383aABUFrPI3nz6ed/Z6LZflKh1k+DUDEp8NxU4klU
ULWsSOKoa5zGX51G8cdHxwQLImXvtGuN5eSR8jCTgxFZhdps/xes4KkyfIz9FMYG
748M+uOTgKITf4zdJ9BAyiQaOufVQZ8WjhWzWk9YHec9VqPkzpWNGkVjiRI5ewuX
wZzZ164tMv2hikBXSuUCnFz37/ZNwGlDi0oBdDszCk2GxccdFHHaCSmpjU5MrdJ+
5IhtTKGeTx+US2hTIVHQFIO99DmacxSYvLNcSQ==
-----END CERTIFICATE-----
</ca>auth-user-pass /config/openvpn/credentials

2025-05-31 17:07:52,479 DEBG 'start-script' stdout output:
[info] Adding 1.1.1.1 to /etc/resolv.conf

2025-05-31 17:07:52,496 DEBG 'start-script' stdout output:
[info] Adding 8.8.8.8 to /etc/resolv.conf

2025-05-31 17:07:52,595 DEBG 'start-script' stdout output:
[debug] DNS operational, we can resolve name 'atl-009.vpn.privado.io' to address '45.38.16.37'

2025-05-31 17:07:52,623 DEBG 'start-script' stdout output:
[info] Attempting to load tun kernel module...

2025-05-31 17:07:52,632 DEBG 'start-script' stderr output:
modprobe: FATAL: Module tun not found in directory /lib/modules/6.10.14-linuxkit

2025-05-31 17:07:52,633 DEBG 'start-script' stdout output:
[warn] Unable to load tun kernel module using modprobe, trying insmod...

2025-05-31 17:07:52,643 DEBG 'start-script' stderr output:
insmod: ERROR: could not load module /lib/modules/tun.ko: No such file or directory

2025-05-31 17:07:52,644 DEBG 'start-script' stdout output:
[warn] Unable to load tun kernel module, assuming its dynamically loaded

2025-05-31 17:07:52,676 DEBG 'start-script' stdout output:
[info] Attempting to load iptable_mangle module...

2025-05-31 17:07:52,685 DEBG 'start-script' stderr output:
modprobe: FATAL: Module iptable_mangle not found in directory /lib/modules/6.10.14-linuxkit

2025-05-31 17:07:52,685 DEBG 'start-script' stdout output:
[warn] Unable to load iptable_mangle module using modprobe, trying insmod...

2025-05-31 17:07:52,693 DEBG 'start-script' stderr output:
insmod: ERROR: could not load module /lib/modules/iptable_mangle.ko: No such file or directory

2025-05-31 17:07:52,693 DEBG 'start-script' stdout output:
[warn] Unable to load iptable_mangle module, you will not be able to connect to the applications Web UI or Privoxy outside of your LAN

2025-05-31 17:07:52,693 DEBG 'start-script' stdout output:
[info] unRAID/Ubuntu users: Please attempt to load the module by executing the following on your host: '/sbin/modprobe iptable_mangle'
[info] Synology users: Please attempt to load the module by executing the following on your host: 'insmod /lib/modules/iptable_mangle.ko'
[debug] Show name servers defined for container

2025-05-31 17:07:52,700 DEBG 'start-script' stdout output:
nameserver 1.1.1.1
nameserver 8.8.8.8

2025-05-31 17:07:52,701 DEBG 'start-script' stdout output:
[debug] Show name resolution for VPN endpoint atl-009.vpn.privado.io

2025-05-31 17:07:52,725 DEBG 'start-script' stdout output:
;; ->>HEADER<<- opcode: QUERY, rcode: NOERROR, id: 55274
;; flags: qr rd ra ; QUERY: 1, ANSWER: 1, AUTHORITY: 0, ADDITIONAL: 0 
;; QUESTION SECTION:
;; atl-009.vpn.privado.io.	IN	A

;; ANSWER SECTION:
atl-009.vpn.privado.io.	300	IN	A	45.38.16.37

;; AUTHORITY SECTION:

;; ADDITIONAL SECTION:

;; Query time: 9 msec
;; SERVER: 8.8.8.8
;; WHEN: Sat May 31 17:07:52 2025
;; MSG SIZE  rcvd: 56

2025-05-31 17:07:52,725 DEBG 'start-script' stdout output:
[debug] Show contents of hosts file

2025-05-31 17:07:52,732 DEBG 'start-script' stdout output:
127.0.0.1	localhost
::1	localhost ip6-localhost ip6-loopback
fe00::	ip6-localnet
ff00::	ip6-mcastprefix
ff02::1	ip6-allnodes
ff02::2	ip6-allrouters
172.17.0.2	5bc3e216165d
45.38.16.37	atl-009.vpn.privado.io

2025-05-31 17:07:52,768 DEBG 'start-script' stdout output:
[debug] Docker interface defined as eth0

2025-05-31 17:07:52,789 DEBG 'start-script' stdout output:
[info] Default route for container is 172.17.0.1

2025-05-31 17:07:52,810 DEBG 'start-script' stdout output:
[debug] Docker IP defined as 172.17.0.2

2025-05-31 17:07:52,832 DEBG 'start-script' stdout output:
[debug] Docker netmask defined as 255.255.0.0

2025-05-31 17:07:52,886 DEBG 'start-script' stdout output:
[info] Docker network defined as    172.17.0.0/16

2025-05-31 17:07:52,939 DEBG 'start-script' stdout output:
[info] Adding 10.1.0.0/16 as route via docker eth0

2025-05-31 17:07:52,950 DEBG 'start-script' stdout output:
[info] ip route defined as follows...
--------------------

2025-05-31 17:07:52,959 DEBG 'start-script' stdout output:
default via 172.17.0.1 dev eth0 
10.1.0.0/16 via 172.17.0.1 dev eth0 
172.17.0.0/16 dev eth0 proto kernel scope link src 172.17.0.2 

2025-05-31 17:07:52,960 DEBG 'start-script' stdout output:
--------------------
[debug] Modules currently loaded for kernel

2025-05-31 17:07:52,970 DEBG 'start-script' stdout output:
Module                  Size  Used by
shiftfs                28672  -2
selfowner              28672  -2
rosetta                12288  -2
grpcfuse               12288  -2
fakeowner             122880  -2

2025-05-31 17:07:53,427 DEBG 'start-script' stdout output:
[info] iptables defined as follows...
--------------------

2025-05-31 17:07:53,441 DEBG 'start-script' stdout output:
-P INPUT DROP
-P FORWARD DROP
-P OUTPUT DROP
-A INPUT -s 172.17.0.0/16 -d 172.17.0.0/16 -j ACCEPT
-A INPUT -i eth0 -p tcp -m tcp --sport 1194 -j ACCEPT
-A INPUT -i eth0 -p udp -m udp --sport 1194 -j ACCEPT
-A INPUT -i eth0 -p tcp -m tcp --dport 6789 -j ACCEPT
-A INPUT -i eth0 -p tcp -m tcp --sport 6789 -j ACCEPT
-A INPUT -p icmp -m icmp --icmp-type 0 -j ACCEPT
-A INPUT -i lo -j ACCEPT
-A INPUT -i tun0 -j ACCEPT
-A OUTPUT -s 172.17.0.0/16 -d 172.17.0.0/16 -j ACCEPT
-A OUTPUT -o eth0 -p tcp -m tcp --dport 1194 -j ACCEPT
-A OUTPUT -o eth0 -p udp -m udp --dport 1194 -j ACCEPT
-A OUTPUT -o eth0 -p tcp -m tcp --dport 6789 -j ACCEPT
-A OUTPUT -o eth0 -p tcp -m tcp --sport 6789 -j ACCEPT
-A OUTPUT -p icmp -m icmp --icmp-type 8 -j ACCEPT
-A OUTPUT -o lo -j ACCEPT
-A OUTPUT -o tun0 -j ACCEPT

2025-05-31 17:07:53,451 DEBG 'start-script' stdout output:
--------------------

2025-05-31 17:07:53,451 DEBG 'start-script' stdout output:
[debug] VPN remote configuration options as follows...
[debug] VPN remote server is defined as 'atl-009.vpn.privado.io'
[debug] VPN remote port is defined as '1194'

2025-05-31 17:07:53,451 DEBG 'start-script' stdout output:
[debug] VPN remote protocol is defined as 'udp'
[debug] VPN remote ip is defined as '45.38.16.37'

2025-05-31 17:07:53,452 DEBG 'start-script' stdout output:
[debug] OpenVPN command line:- /usr/bin/openvpn --reneg-sec 0 --mute-replay-warnings --auth-nocache --setenv VPN_PROV 'custom' --setenv VPN_CLIENT 'openvpn' --setenv DEBUG 'true' --setenv VPN_DEVICE_TYPE 'tun0' --setenv VPN_ENABLED 'yes' --setenv VPN_REMOTE_SERVER 'atl-009.vpn.privado.io' --setenv APPLICATION 'nzbget' --script-security 2 --writepid /root/openvpn.pid --remap-usr1 SIGHUP --log-append /dev/stdout --pull-filter ignore 'up' --pull-filter ignore 'down' --pull-filter ignore 'route-ipv6' --pull-filter ignore 'ifconfig-ipv6' --pull-filter ignore 'tun-ipv6' --pull-filter ignore 'dhcp-option DNS6' --pull-filter ignore 'persist-tun' --pull-filter ignore 'reneg-sec' --up /root/openvpnup.sh --up-delay --up-restart --keepalive 10 60 --auth-user-pass credentials.conf --cd /config/openvpn --config '/config/openvpn/atl-009.ovpn' --remote 45.38.16.37 1194 udp --remote-random
[info] Starting OpenVPN (non daemonised)...

2025-05-31 17:07:53,474 DEBG 'start-script' stdout output:
2025-05-31 17:07:53 DEPRECATED OPTION: --cipher set to 'AES-256-CBC' but missing in --data-ciphers (AES-256-GCM:AES-128-GCM). Future OpenVPN version will ignore --cipher for cipher negotiations. Add 'AES-256-CBC' to --data-ciphers or change --cipher 'AES-256-CBC' to --data-ciphers-fallback 'AES-256-CBC' to silence this warning.

2025-05-31 17:07:53,476 DEBG 'start-script' stdout output:
2025-05-31 17:07:53 WARNING: file 'credentials.conf' is group or others accessible
2025-05-31 17:07:53 OpenVPN 2.5.4 [git:makepkg/3f7a85b9aebe7be0+] x86_64-pc-linux-gnu [SSL (OpenSSL)] [LZO] [LZ4] [EPOLL] [PKCS11] [MH/PKTINFO] [AEAD] built on Oct  5 2021
2025-05-31 17:07:53 library versions: OpenSSL 1.1.1l  24 Aug 2021, LZO 2.10

2025-05-31 17:07:53,480 DEBG 'start-script' stdout output:
2025-05-31 17:07:53 NOTE: the current --script-security setting may allow this configuration to call user-defined scripts

2025-05-31 17:07:53,488 DEBG 'start-script' stdout output:
2025-05-31 17:07:53 TCP/UDP: Preserving recently used remote address: [AF_INET]45.38.16.37:1194
2025-05-31 17:07:53 Socket Buffers: R=[212992->212992] S=[212992->212992]
2025-05-31 17:07:53 UDP link local: (not bound)
2025-05-31 17:07:53 UDP link remote: [AF_INET]45.38.16.37:1194

2025-05-31 17:07:53,516 DEBG 'start-script' stdout output:
2025-05-31 17:07:53 TLS: Initial packet from [AF_INET]45.38.16.37:1194, sid=421b9dca 78d7102d

2025-05-31 17:07:53,588 DEBG 'start-script' stdout output:
2025-05-31 17:07:53 VERIFY OK: depth=1, CN=Privado

2025-05-31 17:07:53,591 DEBG 'start-script' stdout output:
2025-05-31 17:07:53 VERIFY KU OK

2025-05-31 17:07:53,594 DEBG 'start-script' stdout output:
2025-05-31 17:07:53 Validating certificate extended key usage
2025-05-31 17:07:53 ++ Certificate has EKU (str) TLS Web Server Authentication, expects TLS Web Server Authentication
2025-05-31 17:07:53 VERIFY EKU OK
2025-05-31 17:07:53 VERIFY OK: depth=0, CN=atl-009.vpn.privado.io

2025-05-31 17:07:53,718 DEBG 'start-script' stdout output:
2025-05-31 17:07:53 Control Channel: TLSv1.2, cipher SSLv3 DHE-RSA-AES256-SHA, peer certificate: 4096 bit RSA, signature: RSA-SHA512

2025-05-31 17:07:53,718 DEBG 'start-script' stdout output:
2025-05-31 17:07:53 [atl-009.vpn.privado.io] Peer Connection Initiated with [AF_INET]45.38.16.37:1194

2025-05-31 17:07:54,732 DEBG 'start-script' stdout output:
2025-05-31 17:07:54 SENT CONTROL [atl-009.vpn.privado.io]: 'PUSH_REQUEST' (status=1)

2025-05-31 17:07:54,757 DEBG 'start-script' stdout output:
2025-05-31 17:07:54 PUSH: Received control message: 'PUSH_REPLY,redirect-gateway def1 bypass-dhcp,dhcp-option DNS 198.18.0.1,dhcp-option DNS 198.18.0.2,rcvbuf 493216,sndbuf 493216,explicit-exit-notify 5,route-gateway 172.21.24.1,topology subnet,ping 20,ping-restart 40,ifconfig 172.21.24.10 255.255.254.0,peer-id 0,cipher AES-256-GCM'

2025-05-31 17:07:54,761 DEBG 'start-script' stdout output:
2025-05-31 17:07:54 OPTIONS IMPORT: timers and/or timeouts modified
2025-05-31 17:07:54 OPTIONS IMPORT: explicit notify parm(s) modified
2025-05-31 17:07:54 OPTIONS IMPORT: --sndbuf/--rcvbuf options modified
2025-05-31 17:07:54 Socket Buffers: R=[212992->425984] S=[212992->425984]
2025-05-31 17:07:54 OPTIONS IMPORT: --ifconfig/up options modified
2025-05-31 17:07:54 OPTIONS IMPORT: route options modified
2025-05-31 17:07:54 OPTIONS IMPORT: route-related options modified
2025-05-31 17:07:54 OPTIONS IMPORT: --ip-win32 and/or --dhcp-option options modified
2025-05-31 17:07:54 OPTIONS IMPORT: peer-id set
2025-05-31 17:07:54 OPTIONS IMPORT: adjusting link_mtu to 1624

2025-05-31 17:07:54,761 DEBG 'start-script' stdout output:
2025-05-31 17:07:54 OPTIONS IMPORT: data channel crypto options modified
2025-05-31 17:07:54 Data Channel: using negotiated cipher 'AES-256-GCM'

2025-05-31 17:07:54,765 DEBG 'start-script' stdout output:
2025-05-31 17:07:54 Outgoing Data Channel: Cipher 'AES-256-GCM' initialized with 256 bit key
2025-05-31 17:07:54 Incoming Data Channel: Cipher 'AES-256-GCM' initialized with 256 bit key

2025-05-31 17:07:54,766 DEBG 'start-script' stdout output:
2025-05-31 17:07:54 net_route_v4_best_gw query: dst 0.0.0.0

2025-05-31 17:07:54,768 DEBG 'start-script' stdout output:
2025-05-31 17:07:54 net_route_v4_best_gw result: via 172.17.0.1 dev eth0

2025-05-31 17:07:54,768 DEBG 'start-script' stdout output:
2025-05-31 17:07:54 ROUTE_GATEWAY 172.17.0.1/255.255.0.0 IFACE=eth0 HWADDR=32:01:52:3a:6c:3f

2025-05-31 17:07:54,779 DEBG 'start-script' stdout output:
2025-05-31 17:07:54 TUN/TAP device tun0 opened

2025-05-31 17:07:54,780 DEBG 'start-script' stdout output:
2025-05-31 17:07:54 net_iface_mtu_set: mtu 1500 for tun0

2025-05-31 17:07:54,780 DEBG 'start-script' stdout output:
2025-05-31 17:07:54 net_iface_up: set tun0 up

2025-05-31 17:07:54,781 DEBG 'start-script' stdout output:
2025-05-31 17:07:54 net_addr_v4_add: 172.21.24.10/23 dev tun0

2025-05-31 17:07:54,781 DEBG 'start-script' stdout output:
2025-05-31 17:07:54 /root/openvpnup.sh tun0 1500 1552 172.21.24.10 255.255.254.0 init

2025-05-31 17:07:54,845 DEBG 'start-script' stdout output:
[debug] Waiting for valid local and gateway IP addresses from tunnel...

2025-05-31 17:07:56,027 DEBG 'start-script' stdout output:
[debug] Valid local IP address from tunnel acquired '172.21.24.10'

2025-05-31 17:07:56,028 DEBG 'start-script' stdout output:
[debug] Checking we can resolve name 'www.google.com' to address...

2025-05-31 17:07:56,039 DEBG 'watchdog-script' stdout output:
[debug] Checking we can resolve name 'www.google.com' to address...

2025-05-31 17:07:56,063 DEBG 'start-script' stdout output:
[debug] Having issues resolving name 'www.google.com'
[debug] Retrying in 5 secs...
[debug] 11 retries left

2025-05-31 17:07:56,072 DEBG 'watchdog-script' stdout output:
[debug] Having issues resolving name 'www.google.com'
[debug] Retrying in 5 secs...
[debug] 11 retries left

2025-05-31 17:07:57,829 DEBG 'start-script' stdout output:
2025-05-31 17:07:57 net_route_v4_add: 45.38.16.37/32 via 172.17.0.1 dev [NULL] table 0 metric -1
2025-05-31 17:07:57 net_route_v4_add: 0.0.0.0/1 via 172.21.24.1 dev [NULL] table 0 metric -1

2025-05-31 17:07:57,830 DEBG 'start-script' stdout output:
2025-05-31 17:07:57 net_route_v4_add: 128.0.0.0/1 via 172.21.24.1 dev [NULL] table 0 metric -1
2025-05-31 17:07:57 net_route_v4_add: 0.0.0.0/0 via 172.21.24.1 dev [NULL] table 0 metric -1
2025-05-31 17:07:57 Initialization Sequence Completed

2025-05-31 17:08:01,198 DEBG 'start-script' stdout output:
[debug] DNS operational, we can resolve name 'www.google.com' to address '198.18.0.17'

2025-05-31 17:08:01,199 DEBG 'start-script' stdout output:
[info] Attempting to get external IP using 'http://checkip.amazonaws.com'...

2025-05-31 17:08:01,199 DEBG 'watchdog-script' stdout output:
[debug] DNS operational, we can resolve name 'www.google.com' to address '198.18.0.17'

2025-05-31 17:08:01,380 DEBG 'start-script' stdout output:
[info] Successfully retrieved external IP address 45.38.16.55

2025-05-31 17:08:01,382 DEBG 'start-script' stdout output:
[info] Application does not require port forwarding or VPN provider is != pia, skipping incoming port assignment

2025-05-31 17:08:01,432 DEBG 'watchdog-script' stdout output:
[debug] Waiting for iptables chain policies to be in place...

2025-05-31 17:08:01,485 DEBG 'watchdog-script' stdout output:
[debug] iptables chain policies are in place

2025-05-31 17:08:01,508 DEBG 'watchdog-script' stdout output:
[info] nzbget not running

2025-05-31 17:08:01,509 DEBG 'watchdog-script' stdout output:
[info] Nzbget config file already exists, skipping copy

2025-05-31 17:08:01,598 DEBG 'watchdog-script' stdout output:
[info] Attempting to start nzbget...

2025-05-31 17:08:01,617 DEBG 'watchdog-script' stdout output:
nzbget.conf(253): Invalid option "Server1.CertVerification"
nzbget.conf(889): Invalid option "RenameAfterUnpack"
nzbget.conf(896): Invalid option "RenameIgnoreExt"
nzbget.conf(1030): Invalid option "ArticleReadChunkSize"

2025-05-31 17:08:01,638 DEBG 'watchdog-script' stdout output:
[info] Nzbget process started

2025-05-31 17:08:01,638 DEBG 'watchdog-script' stdout output:
[info] Waiting for Nzbget process to start listening on port 6789...

2025-05-31 17:08:01,659 DEBG 'watchdog-script' stdout output:
[info] Nzbget process is listening on port 6789

2025-05-31 17:08:01,659 DEBG 'watchdog-script' stdout output:
[debug] VPN IP is 172.21.24.10

2025-05-31 17:08:31,690 DEBG 'watchdog-script' stdout output:
[debug] Checking we can resolve name 'www.google.com' to address...

2025-05-31 17:08:31,766 DEBG 'watchdog-script' stdout output:
[debug] DNS operational, we can resolve name 'www.google.com' to address '198.18.0.17'

2025-05-31 17:08:31,768 DEBG 'watchdog-script' stdout output:
[debug] Waiting for iptables chain policies to be in place...

2025-05-31 17:08:31,822 DEBG 'watchdog-script' stdout output:
[debug] iptables chain policies are in place

2025-05-31 17:08:31,840 DEBG 'watchdog-script' stdout output:
[debug] VPN IP is 172.21.24.10

2025-05-31 17:09:01,903 DEBG 'watchdog-script' stdout output:
[debug] Checking we can resolve name 'www.google.com' to address...

2025-05-31 17:09:02,013 DEBG 'watchdog-script' stdout output:
[debug] DNS operational, we can resolve name 'www.google.com' to address '198.18.0.17'

2025-05-31 17:09:02,016 DEBG 'watchdog-script' stdout output:
[debug] Waiting for iptables chain policies to be in place...

2025-05-31 17:09:02,078 DEBG 'watchdog-script' stdout output:
[debug] iptables chain policies are in place

2025-05-31 17:09:02,097 DEBG 'watchdog-script' stdout output:
[debug] VPN IP is 172.21.24.10

2025-05-31 17:09:32,126 DEBG 'watchdog-script' stdout output:
[debug] Checking we can resolve name 'www.google.com' to address...

2025-05-31 17:09:32,204 DEBG 'watchdog-script' stdout output:
[debug] DNS operational, we can resolve name 'www.google.com' to address '142.251.111.103 142.251.111.147 142.251.111.106 142.251.111.105 142.251.111.99 142.251.111.104'

2025-05-31 17:09:32,206 DEBG 'watchdog-script' stdout output:
[debug] Waiting for iptables chain policies to be in place...

2025-05-31 17:09:32,256 DEBG 'watchdog-script' stdout output:
[debug] iptables chain policies are in place

2025-05-31 17:09:32,274 DEBG 'watchdog-script' stdout output:
[debug] VPN IP is 172.21.24.10

2025-05-31 17:10:02,312 DEBG 'watchdog-script' stdout output:
[debug] Checking we can resolve name 'www.google.com' to address...

2025-05-31 17:10:02,393 DEBG 'watchdog-script' stdout output:
[debug] DNS operational, we can resolve name 'www.google.com' to address '142.251.163.105 142.251.163.99 142.251.163.106 142.251.163.103 142.251.163.104 142.251.163.147'

2025-05-31 17:10:02,394 DEBG 'watchdog-script' stdout output:
[debug] Waiting for iptables chain policies to be in place...

2025-05-31 17:10:02,451 DEBG 'watchdog-script' stdout output:
[debug] iptables chain policies are in place

2025-05-31 17:10:02,471 DEBG 'watchdog-script' stdout output:
[debug] VPN IP is 172.21.24.10

2025-05-31 17:10:32,504 DEBG 'watchdog-script' stdout output:
[debug] Checking we can resolve name 'www.google.com' to address...

2025-05-31 17:10:32,587 DEBG 'watchdog-script' stdout output:
[debug] DNS operational, we can resolve name 'www.google.com' to address '198.18.0.17'

2025-05-31 17:10:32,589 DEBG 'watchdog-script' stdout output:
[debug] Waiting for iptables chain policies to be in place...

2025-05-31 17:10:32,641 DEBG 'watchdog-script' stdout output:
[debug] iptables chain policies are in place

2025-05-31 17:10:32,660 DEBG 'watchdog-script' stdout output:
[debug] VPN IP is 172.21.24.10

2025-05-31 17:11:02,708 DEBG 'watchdog-script' stdout output:
[debug] Checking we can resolve name 'www.google.com' to address...

2025-05-31 17:11:02,829 DEBG 'watchdog-script' stdout output:
[debug] DNS operational, we can resolve name 'www.google.com' to address '142.251.16.104 142.251.16.105 142.251.16.103 142.251.16.99 142.251.16.147 142.251.16.106'

2025-05-31 17:11:02,833 DEBG 'watchdog-script' stdout output:
[debug] Waiting for iptables chain policies to be in place...

2025-05-31 17:11:02,899 DEBG 'watchdog-script' stdout output:
[debug] iptables chain policies are in place

2025-05-31 17:11:02,927 DEBG 'watchdog-script' stdout output:
[debug] VPN IP is 172.21.24.10

2025-05-31 17:11:32,961 DEBG 'watchdog-script' stdout output:
[debug] Checking we can resolve name 'www.google.com' to address...

2025-05-31 17:11:33,045 DEBG 'watchdog-script' stdout output:
[debug] DNS operational, we can resolve name 'www.google.com' to address '198.18.0.17'

2025-05-31 17:11:33,046 DEBG 'watchdog-script' stdout output:
[debug] Waiting for iptables chain policies to be in place...

2025-05-31 17:11:33,096 DEBG 'watchdog-script' stdout output:
[debug] iptables chain policies are in place

2025-05-31 17:11:33,115 DEBG 'watchdog-script' stdout output:
[debug] VPN IP is 172.21.24.10

2025-05-31 17:11:36,136 WARN received SIGTERM indicating exit request
2025-05-31 17:11:36,137 DEBG killing watchdog-script (pid 173) with signal SIGTERM
2025-05-31 17:11:36,138 INFO waiting for shutdown-script, start-script, watchdog-script to die
2025-05-31 17:11:37,147 DEBG fd 23 closed, stopped monitoring <POutputDispatcher at 140737452362624 for <Subprocess at 140737452361616 with name watchdog-script in state STOPPING> (stdout)>
2025-05-31 17:11:37,147 DEBG fd 27 closed, stopped monitoring <POutputDispatcher at 140737452362672 for <Subprocess at 140737452361616 with name watchdog-script in state STOPPING> (stderr)>
2025-05-31 17:11:37,148 INFO stopped: watchdog-script (terminated by SIGTERM)
2025-05-31 17:11:37,149 DEBG received SIGCHLD indicating a child quit
2025-05-31 17:11:37,151 DEBG killing start-script (pid 172) with signal SIGTERM
2025-05-31 17:11:38,160 DEBG fd 18 closed, stopped monitoring <POutputDispatcher at 140737452327408 for <Subprocess at 140737452683024 with name start-script in state STOPPING> (stdout)>
2025-05-31 17:11:38,161 DEBG fd 22 closed, stopped monitoring <POutputDispatcher at 140737452362096 for <Subprocess at 140737452683024 with name start-script in state STOPPING> (stderr)>
2025-05-31 17:11:38,162 INFO stopped: start-script (terminated by SIGTERM)
2025-05-31 17:11:38,162 DEBG received SIGCHLD indicating a child quit
2025-05-31 17:11:38,163 DEBG killing shutdown-script (pid 171) with signal SIGTERM
2025-05-31 17:11:38,168 DEBG 'shutdown-script' stdout output:
[info] Initialising shutdown of process(es) 'nzbget' ...

2025-05-31 17:11:38,226 DEBG 'shutdown-script' stdout output:
[info] pid is '413' for process 'nzbget'
[info] Sending signal '15' to pids '413 ' ...

2025-05-31 17:11:39,233 DEBG fd 15 closed, stopped monitoring <POutputDispatcher at 140737452679376 for <Subprocess at 140737452679904 with name shutdown-script in state STOPPING> (stdout)>
2025-05-31 17:11:39,235 DEBG fd 17 closed, stopped monitoring <POutputDispatcher at 140737452361760 for <Subprocess at 140737452679904 with name shutdown-script in state STOPPING> (stderr)>
2025-05-31 17:11:39,237 INFO stopped: shutdown-script (exit status 0)
2025-05-31 17:11:39,237 DEBG received SIGCHLD indicating a child quit
Created by...
___.   .__       .__
\_ |__ |__| ____ |  |__   ____ ___  ___
 | __ \|  |/    \|  |  \_/ __ \\  \/  /
 | \_\ \  |   |  \   Y  \  ___/ >    <
 |___  /__|___|  /___|  /\___  >__/\_ \
     \/        \/     \/     \/      \/
   https://hub.docker.com/u/binhex/

2025-05-31 17:11:39.730168 [info] System information Linux 5bc3e216165d 6.10.14-linuxkit #1 SMP Tue Apr 15 16:00:54 UTC 2025 x86_64 GNU/Linux
2025-05-31 17:11:39.835218 [info] OS_ARCH defined as 'x86-64'
2025-05-31 17:11:39.936122 [info] PUID defined as '1000'
2025-05-31 17:11:40.043688 [info] PGID defined as '1000'
2025-05-31 17:11:40.165503 [info] UMASK defined as '022'
2025-05-31 17:11:40.256625 [info] Permissions already set for '/config'
2025-05-31 17:11:40.349359 [info] Deleting files in /tmp (non recursive)...
2025-05-31 17:11:40.477020 [warn] VPN_ENABLED not defined,(via -e VPN_ENABLED), defaulting to 'yes'
2025-05-31 17:11:40.567855 [info] VPN_CLIENT defined as 'openvpn'
2025-05-31 17:11:40.658062 [info] VPN_PROV defined as 'custom'
2025-05-31 17:11:40.788232 [info] OpenVPN config file (ovpn extension) is located at /config/openvpn/atl-009.ovpn
2025-05-31 17:11:41.044968 [info] VPN remote server(s) defined as 'atl-009.vpn.privado.io,'
2025-05-31 17:11:41.119223 [info] VPN remote port(s) defined as '1194,'
2025-05-31 17:11:41.192941 [info] VPN remote protcol(s) defined as 'udp,'
2025-05-31 17:11:41.297112 [info] VPN_DEVICE_TYPE defined as 'tun0'
2025-05-31 17:11:41.387141 [info] VPN_OPTIONS not defined (via -e VPN_OPTIONS)
2025-05-31 17:11:41.477421 [info] LAN_NETWORK defined as '10.1.0.0/16'
2025-05-31 17:11:41.567551 [info] NAME_SERVERS defined as '1.1.1.1,8.8.8.8'
2025-05-31 17:11:41.658013 [info] VPN_USER defined as 'nhmacpjuhsrg'
2025-05-31 17:11:41.748697 [info] VPN_PASS defined as 'Fz2#At7U9Cw@'
2025-05-31 17:11:41.839461 [info] ENABLE_PRIVOXY defined as 'no'
2025-05-31 17:11:41.945646 [info] VPN_INPUT_PORTS not defined (via -e VPN_INPUT_PORTS), skipping allow for custom incoming ports
2025-05-31 17:11:42.036265 [info] VPN_OUTPUT_PORTS not defined (via -e VPN_OUTPUT_PORTS), skipping allow for custom outgoing ports
2025-05-31 17:11:42.136707 [info] Starting Supervisor...
2025-05-31 17:11:42,301 INFO Included extra file "/etc/supervisor/conf.d/nzbget.conf" during parsing
2025-05-31 17:11:42,302 INFO Set uid to user 0 succeeded
2025-05-31 17:11:42,303 INFO supervisord started with pid 7
2025-05-31 17:11:43,321 INFO spawned: 'shutdown-script' with pid 164
2025-05-31 17:11:43,333 INFO spawned: 'start-script' with pid 165
2025-05-31 17:11:43,335 INFO spawned: 'watchdog-script' with pid 166
2025-05-31 17:11:43,337 INFO reaped unknown pid 8 (exit status 0)
2025-05-31 17:11:43,377 DEBG 'shutdown-script' stdout output:
[info] Signal not specified as parameter 2, assuming signal '15' (sigterm)
[info] Process owner not specified as parameter 3, assuming owner 'nobody'

2025-05-31 17:11:43,379 DEBG 'start-script' stdout output:
[info] VPN is enabled, beginning configuration of VPN

2025-05-31 17:11:43,379 INFO success: shutdown-script entered RUNNING state, process has stayed up for > than 0 seconds (startsecs)
2025-05-31 17:11:43,379 INFO success: start-script entered RUNNING state, process has stayed up for > than 0 seconds (startsecs)
2025-05-31 17:11:43,380 INFO success: watchdog-script entered RUNNING state, process has stayed up for > than 0 seconds (startsecs)
2025-05-31 17:11:43,440 DEBG 'start-script' stdout output:
[warn] Password contains characters which could cause authentication issues, please consider changing this if possible

2025-05-31 17:11:43,620 DEBG 'start-script' stdout output:
[debug] Contents of ovpn file /config/openvpn/atl-009.ovpn as follows...

2025-05-31 17:11:43,627 DEBG 'start-script' stdout output:
client
dev tun
proto udp
remote atl-009.vpn.privado.io 1194
resolv-retry infinite
nobind
persist-key
persist-remote-ip

tls-client

#block-outside-dns
route 0.0.0.0 0.0.0.0 vpn_gateway
route-delay 3

# if you're using openvpn versions later than 2.5 uncomment the following:
# data-ciphers AES-256-CBC
# data-ciphers-fallback AES-256-CBC

# openvpn versions <= 2.5 use the following default settings:
auth SHA256
cipher AES-256-CBC
tls-cipher TLS-DHE-RSA-WITH-AES-256-CBC-SHA:TLS-DHE-DSS-WITH-AES-256-CBC-SHA:TLS-RSA-WITH-AES-256-CBC-SHA

remote-cert-tls server
#auth-user-pass credentials.conf
verb 3

<ca>
-----BEGIN CERTIFICATE-----
MIIFKDCCAxCgAwIBAgIJAMtrmqZxIV/OMA0GCSqGSIb3DQEBDQUAMBIxEDAOBgNV
BAMMB1ByaXZhZG8wHhcNMjAwMTA4MjEyODQ1WhcNMzUwMTA5MjEyODQ1WjASMRAw
DgYDVQQDDAdQcml2YWRvMIICIjANBgkqhkiG9w0BAQEFAAOCAg8AMIICCgKCAgEA
xPwOgiwNJzZTnKIXwAB0TSu/Lu2qt2U2I8obtQjwhi/7OrfmbmYykSdro70al2XP
hnwAGGdCxW6LDnp0UN/IOhD11mgBPo14f5CLkBQjSJ6VN5miPbvK746LsNZl9H8r
QGvDuPo4CG9BfPZMiDRGlsMxij/jztzgT1gmuxQ7WHfFRcNzBas1dHa9hV/d3TU6
/t47x4SE/ljdcCtJiu7Zn6ODKQoys3mB7Luz2ngqUJWvkqsg+E4+3eJ0M8Hlbn5T
PaRJBID7DAdYo6Vs6xGCYr981ThFcmoIQ10js10yANrrfGAzd03b3TnLAgko0uQM
HjliMZL6L8sWOPHxyxJI0us88SFh4UgcFyRHKHPKux7w24SxAlZUYoUcTHp9VjG5
XvDKYxzgV2RdM4ulBGbQRQ3y3/CyddsyQYMvA55Ets0LfPaBvDIcct70iXijGsdv
lX1du3ArGpG7Vaje/RU4nbbGT6HYRdt5YyZfof288ukMOSj20nVcmS+c/4tqsxSe
rRb1aq5LOi1IemSkTMeC5gCbexk+L1vl7NT/58sxjGmu5bXwnvev/lIItfi2AlIT
rfUSEv19iDMKkeshwn/+sFJBMWYyluP+yJ56yR+MWoXvLlSWphLDTqq19yx3BZn0
P1tgbXoR0g8PTdJFcz8z3RIb7myVLYulV1oGG/3rka0CAwEAAaOBgDB+MB0GA1Ud
DgQWBBTFtJkZCVDuDAD6k5bJzefjJdO3DTBCBgNVHSMEOzA5gBTFtJkZCVDuDAD6
k5bJzefjJdO3DaEWpBQwEjEQMA4GA1UEAwwHUHJpdmFkb4IJAMtrmqZxIV/OMAwG
A1UdEwQFMAMBAf8wCwYDVR0PBAQDAgEGMA0GCSqGSIb3DQEBDQUAA4ICAQB7MUSX
MeBb9wlSv4sUaT1JHEwE26nlBw+TKmezfuPU5pBlY0LYr6qQZY95DHqsRJ7ByUzG
UrGo17dNGXlcuNc6TAaQQEDRPo6y+LVh2TWMk15TUMI+MkqryJtCret7xGvDigKY
MJgBy58HN3RAVr1B7cL9youwzLgc2Y/NcFKvnQJKeiIYAJ7g0CcnJiQvgZTS7xdw
kEBXfsngmUCIG320DLPEL+Ze0HiUrxwWljMRya6i40AeH3Zu2i532xX1wV5+cjA4
RJWIKg6ri/Q54iFGtZrA9/nc6y9uoQHkmz8cGyVUmJxFzMrrIICVqUtVRxLhkTMe
4UzwRWTBeGgtW4tS0yq1QonAKfOyjgRw/CeY55D2UGvnAFZdTadtYXS4Alu2P9zd
woEk3fzHiVmDjqfJVr5wz9383aABUFrPI3nz6ed/Z6LZflKh1k+DUDEp8NxU4klU
ULWsSOKoa5zGX51G8cdHxwQLImXvtGuN5eSR8jCTgxFZhdps/xes4KkyfIz9FMYG
748M+uOTgKITf4zdJ9BAyiQaOufVQZ8WjhWzWk9YHec9VqPkzpWNGkVjiRI5ewuX
wZzZ164tMv2hikBXSuUCnFz37/ZNwGlDi0oBdDszCk2GxccdFHHaCSmpjU5MrdJ+
5IhtTKGeTx+US2hTIVHQFIO99DmacxSYvLNcSQ==
-----END CERTIFICATE-----
</ca>auth-user-pass /config/openvpn/credentials

2025-05-31 17:11:43,665 DEBG 'start-script' stdout output:
[debug] Environment variables defined as follows

2025-05-31 17:11:43,665 DEBG 'start-script' stdout output:
ADDITIONAL_PORTS=
APPLICATION=nzbget
BASH=/bin/bash
BASHOPTS=checkwinsize:cmdhist:complete_fullquote:extquote:force_fignore:globasciiranges:hostcomplete:interactive_comments:progcomp:promptvars:sourcepath
BASH_ALIASES=()

2025-05-31 17:11:43,665 DEBG 'start-script' stdout output:
BASH_ARGC=()
BASH_ARGV=()
BASH_CMDS=()

2025-05-31 17:11:43,665 DEBG 'start-script' stdout output:
BASH_LINENO=([0]="0")
BASH_SOURCE=([0]="/root/start.sh")
BASH_VERSINFO=([0]="5" [1]="1" [2]="8" [3]="1" [4]="release" [5]="x86_64-pc-linux-gnu")
BASH_VERSION='5.1.8(1)-release'
DEBUG=true
DIRSTACK=()
ENABLE_PRIVOXY=no
EUID=0
GROUPS=()
HOME=/home/nobody
HOSTNAME=5bc3e216165d
HOSTTYPE=x86_64

2025-05-31 17:11:43,666 DEBG 'start-script' stdout output:
IFS=$' \t\n'
LANG=en_GB.UTF-8
LAN_NETWORK=10.1.0.0/16
MACHTYPE=x86_64-pc-linux-gnu
NAME_SERVERS=1.1.1.1,8.8.8.8
NZBGET_VERSION=21.1
OPTERR=1
OPTIND=1
OSTYPE=linux-gnu
OS_ARCH=x86-64
PATH=/usr/local/sbin:/usr/local/bin:/usr/sbin:/usr/bin:/sbin:/bin
PGID=1000
PIPESTATUS=([0]="0")
PPID=7
PS4='+ '
PUID=1000
PWD=/
SHELL=/bin/bash
SHELLOPTS=braceexpand:hashall:interactive-comments
SHLVL=1
SUPERVISOR_ENABLED=1
SUPERVISOR_GROUP_NAME=start-script
SUPERVISOR_PROCESS_NAME=start-script
TERM=xterm
TZ=Etc/UTC
UID=0
UMASK=022
VPN_CLIENT=openvpn
VPN_CONFIG=/config/openvpn/atl-009.ovpn
VPN_DEVICE_TYPE=tun0
VPN_ENABLED=yes
VPN_INPUT_PORTS=
VPN_OPTIONS=
VPN_OUTPUT_PORTS=
VPN_PASS=Fz2#At7U9Cw@
VPN_PROV=custom
VPN_REMOTE_PORT=1194,
VPN_REMOTE_PROTOCOL=udp,
VPN_REMOTE_SERVER=atl-009.vpn.privado.io,
VPN_USER=nhmacpjuhsrg
WG_CONFIG_FILE=/config/wireguard/wg0.conf
_='[debug] Environment variables defined as follows'
password_char_check='#'
username_char_check=
vpn_ping=

2025-05-31 17:11:43,666 DEBG 'start-script' stdout output:
[debug] Directory listing of files in /config/openvpn/ as follows

2025-05-31 17:11:43,690 DEBG 'start-script' stdout output:
total 12
drwxrwxr-x  5 nobody users  160 May 31 17:11 .
drwxrwxr-x 11 nobody users  352 May 31 17:08 ..
-rwxrwxr-x  1 root   root  2506 May 31 17:11 atl-009.ovpn
-rwxrwxr-x  1 nobody users   26 May 31 17:03 credentials
-rwxrwxr-x  1 nobody users   26 May 31 17:11 credentials.conf

2025-05-31 17:11:43,690 DEBG 'start-script' stdout output:
[debug] Contents of OpenVPN config file '/config/openvpn/atl-009.ovpn' as follows...

2025-05-31 17:11:43,698 DEBG 'start-script' stdout output:
client
dev tun
proto udp
remote atl-009.vpn.privado.io 1194
resolv-retry infinite
nobind
persist-key
persist-remote-ip

tls-client

#block-outside-dns
route 0.0.0.0 0.0.0.0 vpn_gateway
route-delay 3

# if you're using openvpn versions later than 2.5 uncomment the following:
# data-ciphers AES-256-CBC
# data-ciphers-fallback AES-256-CBC

# openvpn versions <= 2.5 use the following default settings:
auth SHA256
cipher AES-256-CBC
tls-cipher TLS-DHE-RSA-WITH-AES-256-CBC-SHA:TLS-DHE-DSS-WITH-AES-256-CBC-SHA:TLS-RSA-WITH-AES-256-CBC-SHA

remote-cert-tls server
#auth-user-pass credentials.conf
verb 3

<ca>
-----BEGIN CERTIFICATE-----
MIIFKDCCAxCgAwIBAgIJAMtrmqZxIV/OMA0GCSqGSIb3DQEBDQUAMBIxEDAOBgNV
BAMMB1ByaXZhZG8wHhcNMjAwMTA4MjEyODQ1WhcNMzUwMTA5MjEyODQ1WjASMRAw
DgYDVQQDDAdQcml2YWRvMIICIjANBgkqhkiG9w0BAQEFAAOCAg8AMIICCgKCAgEA
xPwOgiwNJzZTnKIXwAB0TSu/Lu2qt2U2I8obtQjwhi/7OrfmbmYykSdro70al2XP
hnwAGGdCxW6LDnp0UN/IOhD11mgBPo14f5CLkBQjSJ6VN5miPbvK746LsNZl9H8r
QGvDuPo4CG9BfPZMiDRGlsMxij/jztzgT1gmuxQ7WHfFRcNzBas1dHa9hV/d3TU6
/t47x4SE/ljdcCtJiu7Zn6ODKQoys3mB7Luz2ngqUJWvkqsg+E4+3eJ0M8Hlbn5T
PaRJBID7DAdYo6Vs6xGCYr981ThFcmoIQ10js10yANrrfGAzd03b3TnLAgko0uQM
HjliMZL6L8sWOPHxyxJI0us88SFh4UgcFyRHKHPKux7w24SxAlZUYoUcTHp9VjG5
XvDKYxzgV2RdM4ulBGbQRQ3y3/CyddsyQYMvA55Ets0LfPaBvDIcct70iXijGsdv
lX1du3ArGpG7Vaje/RU4nbbGT6HYRdt5YyZfof288ukMOSj20nVcmS+c/4tqsxSe
rRb1aq5LOi1IemSkTMeC5gCbexk+L1vl7NT/58sxjGmu5bXwnvev/lIItfi2AlIT
rfUSEv19iDMKkeshwn/+sFJBMWYyluP+yJ56yR+MWoXvLlSWphLDTqq19yx3BZn0
P1tgbXoR0g8PTdJFcz8z3RIb7myVLYulV1oGG/3rka0CAwEAAaOBgDB+MB0GA1Ud
DgQWBBTFtJkZCVDuDAD6k5bJzefjJdO3DTBCBgNVHSMEOzA5gBTFtJkZCVDuDAD6
k5bJzefjJdO3DaEWpBQwEjEQMA4GA1UEAwwHUHJpdmFkb4IJAMtrmqZxIV/OMAwG
A1UdEwQFMAMBAf8wCwYDVR0PBAQDAgEGMA0GCSqGSIb3DQEBDQUAA4ICAQB7MUSX
MeBb9wlSv4sUaT1JHEwE26nlBw+TKmezfuPU5pBlY0LYr6qQZY95DHqsRJ7ByUzG
UrGo17dNGXlcuNc6TAaQQEDRPo6y+LVh2TWMk15TUMI+MkqryJtCret7xGvDigKY
MJgBy58HN3RAVr1B7cL9youwzLgc2Y/NcFKvnQJKeiIYAJ7g0CcnJiQvgZTS7xdw
kEBXfsngmUCIG320DLPEL+Ze0HiUrxwWljMRya6i40AeH3Zu2i532xX1wV5+cjA4
RJWIKg6ri/Q54iFGtZrA9/nc6y9uoQHkmz8cGyVUmJxFzMrrIICVqUtVRxLhkTMe
4UzwRWTBeGgtW4tS0yq1QonAKfOyjgRw/CeY55D2UGvnAFZdTadtYXS4Alu2P9zd
woEk3fzHiVmDjqfJVr5wz9383aABUFrPI3nz6ed/Z6LZflKh1k+DUDEp8NxU4klU
ULWsSOKoa5zGX51G8cdHxwQLImXvtGuN5eSR8jCTgxFZhdps/xes4KkyfIz9FMYG
748M+uOTgKITf4zdJ9BAyiQaOufVQZ8WjhWzWk9YHec9VqPkzpWNGkVjiRI5ewuX
wZzZ164tMv2hikBXSuUCnFz37/ZNwGlDi0oBdDszCk2GxccdFHHaCSmpjU5MrdJ+
5IhtTKGeTx+US2hTIVHQFIO99DmacxSYvLNcSQ==
-----END CERTIFICATE-----
</ca>auth-user-pass /config/openvpn/credentials

2025-05-31 17:11:43,728 DEBG 'start-script' stdout output:
[info] Adding 1.1.1.1 to /etc/resolv.conf

2025-05-31 17:11:43,748 DEBG 'start-script' stdout output:
[info] Adding 8.8.8.8 to /etc/resolv.conf

2025-05-31 17:11:43,848 DEBG 'start-script' stdout output:
[debug] DNS operational, we can resolve name 'atl-009.vpn.privado.io' to address '45.38.16.37'

2025-05-31 17:11:43,878 DEBG 'start-script' stdout output:
[info] Attempting to load tun kernel module...

2025-05-31 17:11:43,887 DEBG 'start-script' stderr output:
modprobe: FATAL: Module tun not found in directory /lib/modules/6.10.14-linuxkit

2025-05-31 17:11:43,887 DEBG 'start-script' stdout output:
[warn] Unable to load tun kernel module using modprobe, trying insmod...

2025-05-31 17:11:43,896 DEBG 'start-script' stderr output:
insmod: ERROR: could not load module /lib/modules/tun.ko: No such file or directory

2025-05-31 17:11:43,897 DEBG 'start-script' stdout output:
[warn] Unable to load tun kernel module, assuming its dynamically loaded

2025-05-31 17:11:43,930 DEBG 'start-script' stdout output:
[info] Attempting to load iptable_mangle module...

2025-05-31 17:11:43,940 DEBG 'start-script' stderr output:
modprobe: FATAL: Module iptable_mangle not found in directory /lib/modules/6.10.14-linuxkit

2025-05-31 17:11:43,940 DEBG 'start-script' stdout output:
[warn] Unable to load iptable_mangle module using modprobe, trying insmod...

2025-05-31 17:11:43,949 DEBG 'start-script' stderr output:
insmod: ERROR: could not load module /lib/modules/iptable_mangle.ko: No such file or directory

2025-05-31 17:11:43,950 DEBG 'start-script' stdout output:
[warn] Unable to load iptable_mangle module, you will not be able to connect to the applications Web UI or Privoxy outside of your LAN

2025-05-31 17:11:43,950 DEBG 'start-script' stdout output:
[info] unRAID/Ubuntu users: Please attempt to load the module by executing the following on your host: '/sbin/modprobe iptable_mangle'
[info] Synology users: Please attempt to load the module by executing the following on your host: 'insmod /lib/modules/iptable_mangle.ko'
[debug] Show name servers defined for container

2025-05-31 17:11:43,958 DEBG 'start-script' stdout output:
nameserver 1.1.1.1
nameserver 8.8.8.8

2025-05-31 17:11:43,959 DEBG 'start-script' stdout output:
[debug] Show name resolution for VPN endpoint atl-009.vpn.privado.io

2025-05-31 17:11:43,988 DEBG 'start-script' stdout output:
;; ->>HEADER<<- opcode: QUERY, rcode: NOERROR, id: 24163
;; flags: qr rd ra ; QUERY: 1, ANSWER: 1, AUTHORITY: 0, ADDITIONAL: 0 
;; QUESTION SECTION:
;; atl-009.vpn.privado.io.	IN	A

;; ANSWER SECTION:
atl-009.vpn.privado.io.	299	IN	A	45.38.16.37

;; AUTHORITY SECTION:

;; ADDITIONAL SECTION:

;; Query time: 13 msec
;; SERVER: 8.8.8.8
;; WHEN: Sat May 31 17:11:43 2025
;; MSG SIZE  rcvd: 56

2025-05-31 17:11:43,988 DEBG 'start-script' stdout output:
[debug] Show contents of hosts file

2025-05-31 17:11:43,996 DEBG 'start-script' stdout output:
127.0.0.1	localhost
::1	localhost ip6-localhost ip6-loopback
fe00::	ip6-localnet
ff00::	ip6-mcastprefix
ff02::1	ip6-allnodes
ff02::2	ip6-allrouters
172.17.0.2	5bc3e216165d
45.38.16.37	atl-009.vpn.privado.io

2025-05-31 17:11:44,037 DEBG 'start-script' stdout output:
[debug] Docker interface defined as eth0

2025-05-31 17:11:44,058 DEBG 'start-script' stdout output:
[info] Default route for container is 172.17.0.1

2025-05-31 17:11:44,079 DEBG 'start-script' stdout output:
[debug] Docker IP defined as 172.17.0.2

2025-05-31 17:11:44,099 DEBG 'start-script' stdout output:
[debug] Docker netmask defined as 255.255.0.0

2025-05-31 17:11:44,149 DEBG 'start-script' stdout output:
[info] Docker network defined as    172.17.0.0/16

2025-05-31 17:11:44,166 DEBG 'start-script' stdout output:
[info] Adding 10.1.0.0/16 as route via docker eth0

2025-05-31 17:11:44,175 DEBG 'start-script' stdout output:
[info] ip route defined as follows...
--------------------

2025-05-31 17:11:44,184 DEBG 'start-script' stdout output:
default via 172.17.0.1 dev eth0 
10.1.0.0/16 via 172.17.0.1 dev eth0 
172.17.0.0/16 dev eth0 proto kernel scope link src 172.17.0.2 

2025-05-31 17:11:44,185 DEBG 'start-script' stdout output:
--------------------
[debug] Modules currently loaded for kernel

2025-05-31 17:11:44,195 DEBG 'start-script' stdout output:
Module                  Size  Used by
shiftfs                28672  -2
selfowner              28672  -2
rosetta                12288  -2
grpcfuse               12288  -2
fakeowner             122880  -2

2025-05-31 17:11:44,536 DEBG 'start-script' stdout output:
[info] iptables defined as follows...
--------------------

2025-05-31 17:11:44,548 DEBG 'start-script' stdout output:
-P INPUT DROP
-P FORWARD DROP
-P OUTPUT DROP
-A INPUT -s 172.17.0.0/16 -d 172.17.0.0/16 -j ACCEPT
-A INPUT -i eth0 -p tcp -m tcp --sport 1194 -j ACCEPT
-A INPUT -i eth0 -p udp -m udp --sport 1194 -j ACCEPT
-A INPUT -i eth0 -p tcp -m tcp --dport 6789 -j ACCEPT
-A INPUT -i eth0 -p tcp -m tcp --sport 6789 -j ACCEPT
-A INPUT -p icmp -m icmp --icmp-type 0 -j ACCEPT
-A INPUT -i lo -j ACCEPT
-A INPUT -i tun0 -j ACCEPT
-A OUTPUT -s 172.17.0.0/16 -d 172.17.0.0/16 -j ACCEPT
-A OUTPUT -o eth0 -p tcp -m tcp --dport 1194 -j ACCEPT
-A OUTPUT -o eth0 -p udp -m udp --dport 1194 -j ACCEPT
-A OUTPUT -o eth0 -p tcp -m tcp --dport 6789 -j ACCEPT
-A OUTPUT -o eth0 -p tcp -m tcp --sport 6789 -j ACCEPT
-A OUTPUT -p icmp -m icmp --icmp-type 8 -j ACCEPT
-A OUTPUT -o lo -j ACCEPT
-A OUTPUT -o tun0 -j ACCEPT

2025-05-31 17:11:44,557 DEBG 'start-script' stdout output:
--------------------

2025-05-31 17:11:44,558 DEBG 'start-script' stdout output:
[debug] VPN remote configuration options as follows...
[debug] VPN remote server is defined as 'atl-009.vpn.privado.io'
[debug] VPN remote port is defined as '1194'
[debug] VPN remote protocol is defined as 'udp'
[debug] VPN remote ip is defined as '45.38.16.37'

2025-05-31 17:11:44,558 DEBG 'start-script' stdout output:
[debug] OpenVPN command line:- /usr/bin/openvpn --reneg-sec 0 --mute-replay-warnings --auth-nocache --setenv VPN_PROV 'custom' --setenv VPN_CLIENT 'openvpn' --setenv DEBUG 'true' --setenv VPN_DEVICE_TYPE 'tun0' --setenv VPN_ENABLED 'yes' --setenv VPN_REMOTE_SERVER 'atl-009.vpn.privado.io' --setenv APPLICATION 'nzbget' --script-security 2 --writepid /root/openvpn.pid --remap-usr1 SIGHUP --log-append /dev/stdout --pull-filter ignore 'up' --pull-filter ignore 'down' --pull-filter ignore 'route-ipv6' --pull-filter ignore 'ifconfig-ipv6' --pull-filter ignore 'tun-ipv6' --pull-filter ignore 'dhcp-option DNS6' --pull-filter ignore 'persist-tun' --pull-filter ignore 'reneg-sec' --up /root/openvpnup.sh --up-delay --up-restart --keepalive 10 60 --auth-user-pass credentials.conf --cd /config/openvpn --config '/config/openvpn/atl-009.ovpn' --remote 45.38.16.37 1194 udp --remote-random
[info] Starting OpenVPN (non daemonised)...

2025-05-31 17:11:44,581 DEBG 'start-script' stdout output:
2025-05-31 17:11:44 DEPRECATED OPTION: --cipher set to 'AES-256-CBC' but missing in --data-ciphers (AES-256-GCM:AES-128-GCM). Future OpenVPN version will ignore --cipher for cipher negotiations. Add 'AES-256-CBC' to --data-ciphers or change --cipher 'AES-256-CBC' to --data-ciphers-fallback 'AES-256-CBC' to silence this warning.

2025-05-31 17:11:44,582 DEBG 'start-script' stdout output:
2025-05-31 17:11:44 WARNING: file 'credentials.conf' is group or others accessible

2025-05-31 17:11:44,582 DEBG 'start-script' stdout output:
2025-05-31 17:11:44 OpenVPN 2.5.4 [git:makepkg/3f7a85b9aebe7be0+] x86_64-pc-linux-gnu [SSL (OpenSSL)] [LZO] [LZ4] [EPOLL] [PKCS11] [MH/PKTINFO] [AEAD] built on Oct  5 2021
2025-05-31 17:11:44 library versions: OpenSSL 1.1.1l  24 Aug 2021, LZO 2.10

2025-05-31 17:11:44,586 DEBG 'start-script' stdout output:
2025-05-31 17:11:44 NOTE: the current --script-security setting may allow this configuration to call user-defined scripts

2025-05-31 17:11:44,597 DEBG 'start-script' stdout output:
2025-05-31 17:11:44 TCP/UDP: Preserving recently used remote address: [AF_INET]45.38.16.37:1194

2025-05-31 17:11:44,599 DEBG 'start-script' stdout output:
2025-05-31 17:11:44 Socket Buffers: R=[212992->212992] S=[212992->212992]
2025-05-31 17:11:44 UDP link local: (not bound)
2025-05-31 17:11:44 UDP link remote: [AF_INET]45.38.16.37:1194

2025-05-31 17:11:44,624 DEBG 'start-script' stdout output:
2025-05-31 17:11:44 TLS: Initial packet from [AF_INET]45.38.16.37:1194, sid=e406421a 17dfc460

2025-05-31 17:11:44,703 DEBG 'start-script' stdout output:
2025-05-31 17:11:44 VERIFY OK: depth=1, CN=Privado

2025-05-31 17:11:44,709 DEBG 'start-script' stdout output:
2025-05-31 17:11:44 VERIFY KU OK
2025-05-31 17:11:44 Validating certificate extended key usage
2025-05-31 17:11:44 ++ Certificate has EKU (str) TLS Web Server Authentication, expects TLS Web Server Authentication
2025-05-31 17:11:44 VERIFY EKU OK
2025-05-31 17:11:44 VERIFY OK: depth=0, CN=atl-009.vpn.privado.io

2025-05-31 17:11:44,834 DEBG 'start-script' stdout output:
2025-05-31 17:11:44 Control Channel: TLSv1.2, cipher SSLv3 DHE-RSA-AES256-SHA, peer certificate: 4096 bit RSA, signature: RSA-SHA512

2025-05-31 17:11:44,834 DEBG 'start-script' stdout output:
2025-05-31 17:11:44 [atl-009.vpn.privado.io] Peer Connection Initiated with [AF_INET]45.38.16.37:1194

2025-05-31 17:11:46,074 DEBG 'start-script' stdout output:
2025-05-31 17:11:46 SENT CONTROL [atl-009.vpn.privado.io]: 'PUSH_REQUEST' (status=1)

2025-05-31 17:11:46,099 DEBG 'start-script' stdout output:
2025-05-31 17:11:46 PUSH: Received control message: 'PUSH_REPLY,redirect-gateway def1 bypass-dhcp,dhcp-option DNS 198.18.0.1,dhcp-option DNS 198.18.0.2,rcvbuf 493216,sndbuf 493216,explicit-exit-notify 5,route-gateway 172.21.60.1,topology subnet,ping 20,ping-restart 40,ifconfig 172.21.60.83 255.255.254.0,peer-id 11,cipher AES-256-GCM'

2025-05-31 17:11:46,102 DEBG 'start-script' stdout output:
2025-05-31 17:11:46 OPTIONS IMPORT: timers and/or timeouts modified
2025-05-31 17:11:46 OPTIONS IMPORT: explicit notify parm(s) modified
2025-05-31 17:11:46 OPTIONS IMPORT: --sndbuf/--rcvbuf options modified
2025-05-31 17:11:46 Socket Buffers: R=[212992->425984] S=[212992->425984]
2025-05-31 17:11:46 OPTIONS IMPORT: --ifconfig/up options modified
2025-05-31 17:11:46 OPTIONS IMPORT: route options modified
2025-05-31 17:11:46 OPTIONS IMPORT: route-related options modified
2025-05-31 17:11:46 OPTIONS IMPORT: --ip-win32 and/or --dhcp-option options modified
2025-05-31 17:11:46 OPTIONS IMPORT: peer-id set
2025-05-31 17:11:46 OPTIONS IMPORT: adjusting link_mtu to 1624

2025-05-31 17:11:46,102 DEBG 'start-script' stdout output:
2025-05-31 17:11:46 OPTIONS IMPORT: data channel crypto options modified
2025-05-31 17:11:46 Data Channel: using negotiated cipher 'AES-256-GCM'

2025-05-31 17:11:46,104 DEBG 'start-script' stdout output:
2025-05-31 17:11:46 Outgoing Data Channel: Cipher 'AES-256-GCM' initialized with 256 bit key
2025-05-31 17:11:46 Incoming Data Channel: Cipher 'AES-256-GCM' initialized with 256 bit key

2025-05-31 17:11:46,105 DEBG 'start-script' stdout output:
2025-05-31 17:11:46 net_route_v4_best_gw query: dst 0.0.0.0

2025-05-31 17:11:46,105 DEBG 'start-script' stdout output:
2025-05-31 17:11:46 net_route_v4_best_gw result: via 172.17.0.1 dev eth0

2025-05-31 17:11:46,106 DEBG 'start-script' stdout output:
2025-05-31 17:11:46 ROUTE_GATEWAY 172.17.0.1/255.255.0.0 IFACE=eth0 HWADDR=3a:4f:db:d3:85:cb

2025-05-31 17:11:46,106 DEBG 'start-script' stdout output:
2025-05-31 17:11:46 TUN/TAP device tun0 opened

2025-05-31 17:11:46,107 DEBG 'start-script' stdout output:
2025-05-31 17:11:46 net_iface_mtu_set: mtu 1500 for tun0
2025-05-31 17:11:46 net_iface_up: set tun0 up

2025-05-31 17:11:46,107 DEBG 'start-script' stdout output:
2025-05-31 17:11:46 net_addr_v4_add: 172.21.60.83/23 dev tun0

2025-05-31 17:11:46,108 DEBG 'start-script' stdout output:
2025-05-31 17:11:46 /root/openvpnup.sh tun0 1500 1552 172.21.60.83 255.255.254.0 init

2025-05-31 17:11:46,159 DEBG 'start-script' stdout output:
[debug] Waiting for valid local and gateway IP addresses from tunnel...

2025-05-31 17:11:47,329 DEBG 'start-script' stdout output:
[debug] Valid local IP address from tunnel acquired '172.21.60.83'

2025-05-31 17:11:47,330 DEBG 'start-script' stdout output:
[debug] Checking we can resolve name 'www.google.com' to address...

2025-05-31 17:11:47,358 DEBG 'start-script' stdout output:
[debug] Having issues resolving name 'www.google.com'
[debug] Retrying in 5 secs...
[debug] 11 retries left

2025-05-31 17:11:47,413 DEBG 'watchdog-script' stdout output:
[debug] Checking we can resolve name 'www.google.com' to address...

2025-05-31 17:11:47,444 DEBG 'watchdog-script' stdout output:
[debug] Having issues resolving name 'www.google.com'
[debug] Retrying in 5 secs...
[debug] 11 retries left

2025-05-31 17:11:49,386 DEBG 'start-script' stdout output:
2025-05-31 17:11:49 net_route_v4_add: 45.38.16.37/32 via 172.17.0.1 dev [NULL] table 0 metric -1
2025-05-31 17:11:49 net_route_v4_add: 0.0.0.0/1 via 172.21.60.1 dev [NULL] table 0 metric -1
2025-05-31 17:11:49 net_route_v4_add: 128.0.0.0/1 via 172.21.60.1 dev [NULL] table 0 metric -1
2025-05-31 17:11:49 net_route_v4_add: 0.0.0.0/0 via 172.21.60.1 dev [NULL] table 0 metric -1
2025-05-31 17:11:49 Initialization Sequence Completed

2025-05-31 17:11:52,460 DEBG 'start-script' stdout output:
[debug] DNS operational, we can resolve name 'www.google.com' to address '192.178.155.147 192.178.155.106 192.178.155.104 192.178.155.99 192.178.155.105 192.178.155.103'

2025-05-31 17:11:52,461 DEBG 'start-script' stdout output:
[info] Attempting to get external IP using 'http://checkip.amazonaws.com'...

2025-05-31 17:11:52,532 DEBG 'watchdog-script' stdout output:
[debug] DNS operational, we can resolve name 'www.google.com' to address '198.18.0.17'

2025-05-31 17:11:52,681 DEBG 'start-script' stdout output:
[info] Successfully retrieved external IP address 45.38.16.46

2025-05-31 17:11:52,682 DEBG 'start-script' stdout output:
[info] Application does not require port forwarding or VPN provider is != pia, skipping incoming port assignment

2025-05-31 17:11:52,758 DEBG 'watchdog-script' stdout output:
[debug] Waiting for iptables chain policies to be in place...

2025-05-31 17:11:52,827 DEBG 'watchdog-script' stdout output:
[debug] iptables chain policies are in place

2025-05-31 17:11:52,852 DEBG 'watchdog-script' stdout output:
[info] nzbget not running

2025-05-31 17:11:52,853 DEBG 'watchdog-script' stdout output:
[info] Nzbget config file already exists, skipping copy

2025-05-31 17:11:53,023 DEBG 'watchdog-script' stdout output:
[info] Attempting to start nzbget...

2025-05-31 17:11:53,066 DEBG 'watchdog-script' stdout output:
nzbget.conf(253): Invalid option "Server1.CertVerification"
nzbget.conf(889): Invalid option "RenameAfterUnpack"
nzbget.conf(896): Invalid option "RenameIgnoreExt"
nzbget.conf(1030): Invalid option "ArticleReadChunkSize"

2025-05-31 17:11:53,087 DEBG 'watchdog-script' stdout output:
[info] Nzbget process started
[info] Waiting for Nzbget process to start listening on port 6789...

2025-05-31 17:11:53,113 DEBG 'watchdog-script' stdout output:
[info] Nzbget process is listening on port 6789
[debug] VPN IP is 172.21.60.83

2025-05-31 17:12:23,158 DEBG 'watchdog-script' stdout output:
[debug] Checking we can resolve name 'www.google.com' to address...

2025-05-31 17:12:23,227 DEBG 'watchdog-script' stdout output:
[debug] DNS operational, we can resolve name 'www.google.com' to address '198.18.0.17'

2025-05-31 17:12:23,228 DEBG 'watchdog-script' stdout output:
[debug] Waiting for iptables chain policies to be in place...

2025-05-31 17:12:23,278 DEBG 'watchdog-script' stdout output:
[debug] iptables chain policies are in place

2025-05-31 17:12:23,297 DEBG 'watchdog-script' stdout output:
[debug] VPN IP is 172.21.60.83

2025-05-31 17:12:53,331 DEBG 'watchdog-script' stdout output:
[debug] Checking we can resolve name 'www.google.com' to address...

2025-05-31 17:12:53,399 DEBG 'watchdog-script' stdout output:
[debug] DNS operational, we can resolve name 'www.google.com' to address '198.18.0.17'

2025-05-31 17:12:53,401 DEBG 'watchdog-script' stdout output:
[debug] Waiting for iptables chain policies to be in place...

2025-05-31 17:12:53,453 DEBG 'watchdog-script' stdout output:
[debug] iptables chain policies are in place

2025-05-31 17:12:53,472 DEBG 'watchdog-script' stdout output:
[debug] VPN IP is 172.21.60.83

2025-05-31 17:13:23,505 DEBG 'watchdog-script' stdout output:
[debug] Checking we can resolve name 'www.google.com' to address...

2025-05-31 17:13:23,584 DEBG 'watchdog-script' stdout output:
[debug] DNS operational, we can resolve name 'www.google.com' to address '198.18.0.17'

2025-05-31 17:13:23,586 DEBG 'watchdog-script' stdout output:
[debug] Waiting for iptables chain policies to be in place...

2025-05-31 17:13:23,639 DEBG 'watchdog-script' stdout output:
[debug] iptables chain policies are in place

2025-05-31 17:13:23,658 DEBG 'watchdog-script' stdout output:
[debug] VPN IP is 172.21.60.83

2025-05-31 17:13:53,688 DEBG 'watchdog-script' stdout output:
[debug] Checking we can resolve name 'www.google.com' to address...

2025-05-31 17:13:53,770 DEBG 'watchdog-script' stdout output:
[debug] DNS operational, we can resolve name 'www.google.com' to address '198.18.0.17'

2025-05-31 17:13:53,772 DEBG 'watchdog-script' stdout output:
[debug] Waiting for iptables chain policies to be in place...

2025-05-31 17:13:53,825 DEBG 'watchdog-script' stdout output:
[debug] iptables chain policies are in place

2025-05-31 17:13:53,842 DEBG 'watchdog-script' stdout output:
[debug] VPN IP is 172.21.60.83

2025-05-31 17:14:23,874 DEBG 'watchdog-script' stdout output:
[debug] Checking we can resolve name 'www.google.com' to address...

2025-05-31 17:14:23,957 DEBG 'watchdog-script' stdout output:
[debug] DNS operational, we can resolve name 'www.google.com' to address '142.251.15.147 142.251.15.99 142.251.15.104 142.251.15.105 142.251.15.103 142.251.15.106'

2025-05-31 17:14:23,959 DEBG 'watchdog-script' stdout output:
[debug] Waiting for iptables chain policies to be in place...

2025-05-31 17:14:24,010 DEBG 'watchdog-script' stdout output:
[debug] iptables chain policies are in place

2025-05-31 17:14:24,046 DEBG 'watchdog-script' stdout output:
[debug] VPN IP is 172.21.60.83

2025-05-31 17:14:54,087 DEBG 'watchdog-script' stdout output:
[debug] Checking we can resolve name 'www.google.com' to address...

2025-05-31 17:14:54,172 DEBG 'watchdog-script' stdout output:
[debug] DNS operational, we can resolve name 'www.google.com' to address '192.178.218.104 192.178.218.147 192.178.218.106 192.178.218.99 192.178.218.103 192.178.218.105'

2025-05-31 17:14:54,175 DEBG 'watchdog-script' stdout output:
[debug] Waiting for iptables chain policies to be in place...

2025-05-31 17:14:54,234 DEBG 'watchdog-script' stdout output:
[debug] iptables chain policies are in place

2025-05-31 17:14:54,253 DEBG 'watchdog-script' stdout output:
[debug] VPN IP is 172.21.60.83

2025-05-31 17:15:24,283 DEBG 'watchdog-script' stdout output:
[debug] Checking we can resolve name 'www.google.com' to address...

2025-05-31 17:15:24,355 DEBG 'watchdog-script' stdout output:
[debug] DNS operational, we can resolve name 'www.google.com' to address '198.18.0.17'

2025-05-31 17:15:24,357 DEBG 'watchdog-script' stdout output:
[debug] Waiting for iptables chain policies to be in place...

2025-05-31 17:15:24,408 DEBG 'watchdog-script' stdout output:
[debug] iptables chain policies are in place

2025-05-31 17:15:24,426 DEBG 'watchdog-script' stdout output:
[debug] VPN IP is 172.21.60.83

2025-05-31 17:15:54,450 DEBG 'watchdog-script' stdout output:
[debug] Checking we can resolve name 'www.google.com' to address...

2025-05-31 17:15:54,550 DEBG 'watchdog-script' stdout output:
[debug] DNS operational, we can resolve name 'www.google.com' to address '142.250.186.196'

2025-05-31 17:15:54,551 DEBG 'watchdog-script' stdout output:
[debug] Waiting for iptables chain policies to be in place...

2025-05-31 17:15:54,607 DEBG 'watchdog-script' stdout output:
[debug] iptables chain policies are in place

2025-05-31 17:15:54,625 DEBG 'watchdog-script' stdout output:
[debug] VPN IP is 172.21.60.83

2025-05-31 17:16:15,730 WARN received SIGTERM indicating exit request
2025-05-31 17:16:15,732 DEBG killing watchdog-script (pid 166) with signal SIGTERM
2025-05-31 17:16:15,734 INFO waiting for shutdown-script, start-script, watchdog-script to die
2025-05-31 17:16:16,742 DEBG fd 23 closed, stopped monitoring <POutputDispatcher at 140737452362576 for <Subprocess at 140737452361568 with name watchdog-script in state STOPPING> (stdout)>
2025-05-31 17:16:16,742 DEBG fd 27 closed, stopped monitoring <POutputDispatcher at 140737452362624 for <Subprocess at 140737452361568 with name watchdog-script in state STOPPING> (stderr)>
2025-05-31 17:16:16,744 INFO stopped: watchdog-script (terminated by SIGTERM)
2025-05-31 17:16:16,745 DEBG received SIGCHLD indicating a child quit
2025-05-31 17:16:16,747 DEBG killing start-script (pid 165) with signal SIGTERM
2025-05-31 17:16:17,754 DEBG fd 18 closed, stopped monitoring <POutputDispatcher at 140737452327360 for <Subprocess at 140737452682976 with name start-script in state STOPPING> (stdout)>
2025-05-31 17:16:17,755 DEBG fd 22 closed, stopped monitoring <POutputDispatcher at 140737452362048 for <Subprocess at 140737452682976 with name start-script in state STOPPING> (stderr)>
2025-05-31 17:16:17,756 INFO stopped: start-script (terminated by SIGTERM)
2025-05-31 17:16:17,756 DEBG received SIGCHLD indicating a child quit
2025-05-31 17:16:17,757 DEBG killing shutdown-script (pid 164) with signal SIGTERM
2025-05-31 17:16:17,767 DEBG 'shutdown-script' stdout output:
[info] Initialising shutdown of process(es) 'nzbget' ...

2025-05-31 17:16:17,813 DEBG 'shutdown-script' stdout output:
[info] pid is '407' for process 'nzbget'

2025-05-31 17:16:17,814 DEBG 'shutdown-script' stdout output:
[info] Sending signal '15' to pids '407 ' ...

2025-05-31 17:16:18,820 DEBG fd 15 closed, stopped monitoring <POutputDispatcher at 140737452679328 for <Subprocess at 140737452679856 with name shutdown-script in state STOPPING> (stdout)>
2025-05-31 17:16:18,820 DEBG fd 17 closed, stopped monitoring <POutputDispatcher at 140737452361712 for <Subprocess at 140737452679856 with name shutdown-script in state STOPPING> (stderr)>
2025-05-31 17:16:18,821 INFO stopped: shutdown-script (exit status 0)
2025-05-31 17:16:18,821 DEBG received SIGCHLD indicating a child quit
